<?xml version="1.0" encoding="UTF-8"?>
<!-- Generated by org.testng.reporters.JUnitReportReporter -->
<testsuite hostname="DESKTOP-JQ328LL" failures="0" tests="4" name="SauceDemoTests.CartPageTests" time="18.470" errors="0" timestamp="2025-12-09T01:37:34 EET" skipped="0">
  <testcase classname="SauceDemoTests.CartPageTests" name="Cart_Tc1_openCartAfterAddingItems" time="4.650"/>
  <testcase classname="SauceDemoTests.CartPageTests" name="Cart_Tc3_checkoutWithOneItem" time="4.322"/>
  <testcase classname="SauceDemoTests.CartPageTests" name="Cart_Tc4_checkoutWithMultipleItems" time="5.510"/>
  <testcase classname="SauceDemoTests.CartPageTests" name="Cart_Tc2_removeItemFromCart" time="3.988"/>
</testsuite> <!-- SauceDemoTests.CartPageTests -->
