<?xml version="1.0" encoding="UTF-8"?>
<!-- Generated by org.testng.reporters.JUnitReportReporter -->
<testsuite hostname="DESKTOP-JQ328LL" failures="0" tests="3" name="SauceDemoTests.CheckoutPageTests" time="13.989" errors="0" timestamp="2025-12-09T01:37:34 EET" skipped="0">
  <testcase classname="SauceDemoTests.CheckoutPageTests" name="testCheckoutWithEmptyZip" time="4.685"/>
  <testcase classname="SauceDemoTests.CheckoutPageTests" name="testCheckoutWithEmptyFirstName" time="4.963"/>
  <testcase classname="SauceDemoTests.CheckoutPageTests" name="testCheckoutWithValidData" time="4.341"/>
</testsuite> <!-- SauceDemoTests.CheckoutPageTests -->
