<?xml version="1.0" encoding="UTF-8"?>
<!-- Generated by org.testng.reporters.JUnitReportReporter -->
<testsuite hostname="DESKTOP-JQ328LL" failures="0" tests="14" name="SauceDemoTests.LoginPageTests" time="60.741" errors="0" timestamp="2025-12-09T01:37:34 EET" skipped="0">
  <testcase classname="SauceDemoTests.LoginPageTests" name="validLoginWithJasonData" time="3.296"/>
  <testcase classname="SauceDemoTests.LoginPageTests" name="testInvalidLogin" time="3.306"/>
  <testcase classname="SauceDemoTests.LoginPageTests" name="testValidLogin" time="2.609"/>
  <testcase classname="SauceDemoTests.LoginPageTests" name="testSuccessfulLoginVerifyProductsPage" time="3.970"/>
  <testcase classname="SauceDemoTests.LoginPageTests" name="testEmptyFields" time="3.774"/>
  <testcase classname="SauceDemoTests.LoginPageTests" name="testLockedOutUser" time="3.727"/>
  <testcase classname="SauceDemoTests.LoginPageTests" name="testSuccessfulLoginVerifyProductsPage" time="8.858"/>
  <testcase classname="SauceDemoTests.LoginPageTests" name="testEmptyFields" time="3.566"/>
  <testcase classname="SauceDemoTests.LoginPageTests" name="testValidLogin" time="3.507"/>
  <testcase classname="SauceDemoTests.LoginPageTests" name="testValidLogin" time="8.673"/>
  <testcase classname="SauceDemoTests.LoginPageTests" name="testEmptyFields" time="3.666"/>
  <testcase classname="SauceDemoTests.LoginPageTests" name="testInvalidLogin" time="4.091"/>
  <testcase classname="SauceDemoTests.LoginPageTests" name="testSuccessfulLoginVerifyProductsPage" time="4.046"/>
  <testcase classname="SauceDemoTests.LoginPageTests" name="testInvalidLogin" time="3.652"/>
</testsuite> <!-- SauceDemoTests.LoginPageTests -->
