<?xml version="1.0" encoding="UTF-8"?>
<!-- Generated by org.testng.reporters.JUnitReportReporter -->
<testsuite hostname="DESKTOP-JQ328LL" failures="0" tests="4" name="SauceDemoTests.SortingFilterPageTest" time="15.921" errors="0" timestamp="2025-12-09T01:37:34 EET" skipped="0">
  <testcase classname="SauceDemoTests.SortingFilterPageTest" name="sortingTest" time="3.963"/>
  <testcase classname="SauceDemoTests.SortingFilterPageTest" name="sortingTest" time="3.873"/>
  <testcase classname="SauceDemoTests.SortingFilterPageTest" name="sortingTest" time="3.981"/>
  <testcase classname="SauceDemoTests.SortingFilterPageTest" name="sortingTest" time="4.104"/>
</testsuite> <!-- SauceDemoTests.SortingFilterPageTest -->
