<?xml version="1.0" encoding="UTF-8"?>
<!-- Generated by org.testng.reporters.JUnitReportReporter -->
<testsuite hostname="DESKTOP-JQ328LL" failures="0" tests="8" name="SauceDemoTests.EndToEndTest" time="38.272" errors="0" timestamp="2025-12-09T01:37:34 EET" skipped="0">
  <testcase classname="SauceDemoTests.EndToEndTest" name="validEndToEndPurchaseFlow1" time="5.597"/>
  <testcase classname="SauceDemoTests.EndToEndTest" name="invalidEndToEndPurchaseFlow5" time="5.610"/>
  <testcase classname="SauceDemoTests.EndToEndTest" name="invalidEndToEndPurchaseFlow4" time="4.587"/>
  <testcase classname="SauceDemoTests.EndToEndTest" name="invalidEndToEndPurchaseFlow6" time="4.497"/>
  <testcase classname="SauceDemoTests.EndToEndTest" name="invalidEndToEndPurchaseFlow2" time="4.365"/>
  <testcase classname="SauceDemoTests.EndToEndTest" name="validEndToEndPurchaseFlow2" time="4.785"/>
  <testcase classname="SauceDemoTests.EndToEndTest" name="invalidEndToEndPurchaseFlow1" time="4.362"/>
  <testcase classname="SauceDemoTests.EndToEndTest" name="invalidEndToEndPurchaseFlow3" time="4.469"/>
</testsuite> <!-- SauceDemoTests.EndToEndTest -->
