<?xml version="1.0" encoding="UTF-8"?>
<!-- Generated by org.testng.reporters.JUnitXMLReporter -->
<testsuite ignored="0" hostname="DESKTOP-JQ328LL" failures="1" tests="40" name="Surefire test" time="178.303" errors="0" timestamp="2025-12-09T01:37:27 EET">
  <testcase classname="SauceDemoTests.CartPageTests" name="Cart_Tc1_openCartAfterAddingItems" time="1.05"/>
  <testcase classname="SauceDemoTests.CartPageTests" name="Cart_Tc2_removeItemFromCart" time="0.328"/>
  <testcase classname="SauceDemoTests.CartPageTests" name="Cart_Tc3_checkoutWithOneItem" time="0.704"/>
  <testcase classname="SauceDemoTests.CartPageTests" name="Cart_Tc4_checkoutWithMultipleItems" time="1.023"/>
  <testcase classname="SauceDemoTests.CheckoutConfirmationPageTests" name="Confirmation_TC1_finishOrderWithItems" time="1.17"/>
  <testcase classname="SauceDemoTests.CheckoutConfirmationPageTests" name="Confirmation_TC2_finishEmptyCartOrder" time="0.752">
    <failure type="java.lang.AssertionError" message="expected [true] but found [false]">
      <![CDATA[java.lang.AssertionError: expected [true] but found [false]
at SauceDemoTests.CheckoutConfirmationPageTests.verifyStaysOnCheckoutStepTwoPage(CheckoutConfirmationPageTests.java:52)
at SauceDemoTests.CheckoutConfirmationPageTests.Confirmation_TC2_finishEmptyCartOrder(CheckoutConfirmationPageTests.java:77)
at java.base/java.util.ArrayList.forEach(ArrayList.java:1596)
... Removed 37 stack frames]]>
    </failure>
  </testcase> <!-- Confirmation_TC2_finishEmptyCartOrder -->
  <testcase classname="SauceDemoTests.CheckoutConfirmationPageTests" name="Confirmation_TC3_backToHomeAfterCompletion" time="0.91"/>
  <testcase classname="SauceDemoTests.CheckoutPageTests" name="testCheckoutWithEmptyFirstName" time="0.783"/>
  <testcase classname="SauceDemoTests.CheckoutPageTests" name="testCheckoutWithEmptyZip" time="0.769"/>
  <testcase classname="SauceDemoTests.CheckoutPageTests" name="testCheckoutWithValidData" time="0.467"/>
  <testcase classname="SauceDemoTests.EndToEndTest" name="invalidEndToEndPurchaseFlow1" time="1.396"/>
  <testcase classname="SauceDemoTests.EndToEndTest" name="invalidEndToEndPurchaseFlow2" time="1.373"/>
  <testcase classname="SauceDemoTests.EndToEndTest" name="invalidEndToEndPurchaseFlow3" time="1.442"/>
  <testcase classname="SauceDemoTests.EndToEndTest" name="invalidEndToEndPurchaseFlow4" time="1.43"/>
  <testcase classname="SauceDemoTests.EndToEndTest" name="invalidEndToEndPurchaseFlow5" time="1.512"/>
  <testcase classname="SauceDemoTests.EndToEndTest" name="invalidEndToEndPurchaseFlow6" time="1.517"/>
  <testcase classname="SauceDemoTests.EndToEndTest" name="validEndToEndPurchaseFlow1" time="2.467"/>
  <testcase classname="SauceDemoTests.EndToEndTest" name="validEndToEndPurchaseFlow2" time="1.65"/>
  <testcase classname="SauceDemoTests.HomePageTest" name="Home_Tc1_scrollAndCheckBadge" time="0.612"/>
  <testcase classname="SauceDemoTests.HomePageTest" name="Home_Tc2_testOpenMenu" time="0.126"/>
  <testcase classname="SauceDemoTests.HomePageTest" name="Home_Tc3_addMultipleProducts" time="0.612"/>
  <testcase classname="SauceDemoTests.HomePageTest" name="Home_Tc4_removeProducts" time="0.559"/>
  <testcase classname="SauceDemoTests.LoginPageTests" name="testValidLogin" time="0.439"/>
  <testcase classname="SauceDemoTests.LoginPageTests" name="testValidLogin" time="0.429"/>
  <testcase classname="SauceDemoTests.LoginPageTests" name="testValidLogin" time="5.492"/>
  <testcase classname="SauceDemoTests.LoginPageTests" name="testSuccessfulLoginVerifyProductsPage" time="0.469"/>
  <testcase classname="SauceDemoTests.LoginPageTests" name="testSuccessfulLoginVerifyProductsPage" time="0.481"/>
  <testcase classname="SauceDemoTests.LoginPageTests" name="testSuccessfulLoginVerifyProductsPage" time="5.541"/>
  <testcase classname="SauceDemoTests.LoginPageTests" name="testInvalidLogin" time="0.719"/>
  <testcase classname="SauceDemoTests.LoginPageTests" name="testInvalidLogin" time="0.733"/>
  <testcase classname="SauceDemoTests.LoginPageTests" name="testInvalidLogin" time="0.953"/>
  <testcase classname="SauceDemoTests.LoginPageTests" name="testEmptyFields" time="0.747"/>
  <testcase classname="SauceDemoTests.LoginPageTests" name="testEmptyFields" time="0.726"/>
  <testcase classname="SauceDemoTests.LoginPageTests" name="testEmptyFields" time="0.643"/>
  <testcase classname="SauceDemoTests.LoginPageTests" name="testLockedOutUser" time="0.76"/>
  <testcase classname="SauceDemoTests.LoginPageTests" name="validLoginWithJasonData" time="0.466"/>
  <testcase classname="SauceDemoTests.SortingFilterPageTest" name="sortingTest" time="0.324"/>
  <testcase classname="SauceDemoTests.SortingFilterPageTest" name="sortingTest" time="0.349"/>
  <testcase classname="SauceDemoTests.SortingFilterPageTest" name="sortingTest" time="0.336"/>
  <testcase classname="SauceDemoTests.SortingFilterPageTest" name="sortingTest" time="0.354"/>
</testsuite> <!-- Surefire test -->
