<?xml version="1.0" encoding="UTF-8"?>
<testsuite xmlns:xsi="http://www.w3.org/2001/XMLSchema-instance" xsi:noNamespaceSchemaLocation="https://maven.apache.org/surefire/maven-surefire-plugin/xsd/surefire-test-report-3.0.xsd" version="3.0" name="TestSuite" time="186.587" tests="40" errors="0" skipped="0" failures="1">
  <properties>
[...]
</properties>
  <testcase name="Cart_Tc1_openCartAfterAddingItems" classname="SauceDemoTests.CartPageTests" time="1.03">
    <system-out><![CDATA[01:34:31 INFO  [BotLogger] Browser is opened
01:34:33 INFO  [BotLogger] Browser is opened
01:34:33 INFO  [BotLogger] Typed text: standard_user into element with locator: By.id: user-name
01:34:33 INFO  [BotLogger] Typed text: secret_sauce into element with locator: By.id: password
01:34:33 INFO  [BotLogger] Clicked on: By.id: login-button
01:34:33 INFO  [BotLogger] Test CaseCart_Tc1_openCartAfterAddingItems  started
01:34:33 INFO  [BotLogger] Clicked on: By.id: add-to-cart-sauce-labs-backpack
01:34:34 INFO  [BotLogger] Clicked on: By.id: shopping_cart_container
]]></system-out>
    <system-err><![CDATA[[main] WARN org.testng.TestNG - Ignoring duplicate listener : io.qameta.allure.testng.AllureTestNg
[main] WARN org.testng.TestNG - Ignoring duplicate listener : io.qameta.allure.testng.AllureTestNg
[main] WARN org.testng.TestNG - Ignoring duplicate listener : io.qameta.allure.testng.AllureTestNg
Dec 09, 2025 1:34:31 AM org.openqa.selenium.devtools.CdpVersionFinder findNearestMatch
WARNING: Unable to find an exact match for CDP version 142, returning the closest version; found: 141; Please update to a Selenium version that supports CDP version 142
]]></system-err>
  </testcase>
  <testcase name="Cart_Tc2_removeItemFromCart" classname="SauceDemoTests.CartPageTests" time="0.326">
    <system-out><![CDATA[01:34:34 INFO  [BotLogger] Test CaseCart_Tc1_openCartAfterAddingItems  passed
01:34:34 INFO  [BotLogger] Browser is opened
01:34:35 INFO  [BotLogger] Browser closed
01:34:36 INFO  [BotLogger] Browser is opened
01:34:38 INFO  [BotLogger] Browser is opened
01:34:38 INFO  [BotLogger] Typed text: standard_user into element with locator: By.id: user-name
01:34:38 INFO  [BotLogger] Typed text: secret_sauce into element with locator: By.id: password
01:34:38 INFO  [BotLogger] Clicked on: By.id: login-button
01:34:38 INFO  [BotLogger] Test CaseCart_Tc2_removeItemFromCart  started
01:34:38 INFO  [BotLogger] Clicked on: By.id: add-to-cart-sauce-labs-backpack
01:34:38 INFO  [BotLogger] Clicked on: By.id: shopping_cart_container
01:34:38 INFO  [BotLogger] Clicked on: By.xpath: (//button[@class='btn btn_secondary btn_small cart_button'])[1]
]]></system-out>
    <system-err><![CDATA[Dec 09, 2025 1:34:36 AM org.openqa.selenium.devtools.CdpVersionFinder findNearestMatch
WARNING: Unable to find an exact match for CDP version 142, returning the closest version; found: 141; Please update to a Selenium version that supports CDP version 142
]]></system-err>
  </testcase>
  <testcase name="Cart_Tc3_checkoutWithOneItem" classname="SauceDemoTests.CartPageTests" time="0.702">
    <system-out><![CDATA[01:34:38 INFO  [BotLogger] Test CaseCart_Tc2_removeItemFromCart  passed
01:34:38 INFO  [BotLogger] Browser is opened
01:34:38 INFO  [BotLogger] Browser closed
01:34:39 INFO  [BotLogger] Browser is opened
01:34:41 INFO  [BotLogger] Browser is opened
01:34:41 INFO  [BotLogger] Typed text: standard_user into element with locator: By.id: user-name
01:34:42 INFO  [BotLogger] Typed text: secret_sauce into element with locator: By.id: password
01:34:42 INFO  [BotLogger] Clicked on: By.id: login-button
01:34:42 INFO  [BotLogger] Test CaseCart_Tc3_checkoutWithOneItem  started
01:34:42 INFO  [BotLogger] Clicked on: By.id: add-to-cart-sauce-labs-backpack
01:34:42 INFO  [BotLogger] Clicked on: By.id: shopping_cart_container
01:34:42 INFO  [BotLogger] Clicked on: By.id: checkout
]]></system-out>
    <system-err><![CDATA[Dec 09, 2025 1:34:39 AM org.openqa.selenium.devtools.CdpVersionFinder findNearestMatch
WARNING: Unable to find an exact match for CDP version 142, returning the closest version; found: 141; Please update to a Selenium version that supports CDP version 142
]]></system-err>
  </testcase>
  <testcase name="Cart_Tc4_checkoutWithMultipleItems" classname="SauceDemoTests.CartPageTests" time="1.021">
    <system-out><![CDATA[01:34:42 INFO  [BotLogger] Test CaseCart_Tc3_checkoutWithOneItem  passed
01:34:42 INFO  [BotLogger] Browser is opened
01:34:43 INFO  [BotLogger] Browser closed
01:34:43 INFO  [BotLogger] Browser is opened
01:34:46 INFO  [BotLogger] Browser is opened
01:34:46 INFO  [BotLogger] Typed text: standard_user into element with locator: By.id: user-name
01:34:46 INFO  [BotLogger] Typed text: secret_sauce into element with locator: By.id: password
01:34:46 INFO  [BotLogger] Clicked on: By.id: login-button
01:34:46 INFO  [BotLogger] Test CaseCart_Tc4_checkoutWithMultipleItems  started
01:34:46 INFO  [BotLogger] Clicked on: By.id: add-to-cart-sauce-labs-backpack
01:34:46 INFO  [BotLogger] Clicked on: By.id: add-to-cart-sauce-labs-bike-light
01:34:47 INFO  [BotLogger] Clicked on: By.id: add-to-cart-sauce-labs-bolt-t-shirt
01:34:47 INFO  [BotLogger] Clicked on: By.id: shopping_cart_container
01:34:47 INFO  [BotLogger] Clicked on: By.id: checkout
]]></system-out>
    <system-err><![CDATA[Dec 09, 2025 1:34:43 AM org.openqa.selenium.devtools.CdpVersionFinder findNearestMatch
WARNING: Unable to find an exact match for CDP version 142, returning the closest version; found: 141; Please update to a Selenium version that supports CDP version 142
]]></system-err>
  </testcase>
  <testcase name="Confirmation_TC1_finishOrderWithItems[Group, Project, 201](1)" classname="SauceDemoTests.CheckoutConfirmationPageTests" time="1.166">
    <system-out><![CDATA[01:34:47 INFO  [BotLogger] Test CaseCart_Tc4_checkoutWithMultipleItems  passed
01:34:47 INFO  [BotLogger] Browser is opened
01:34:47 INFO  [BotLogger] Browser closed
01:34:48 INFO  [BotLogger] Browser is opened
01:34:50 INFO  [BotLogger] Browser is opened
01:34:51 INFO  [BotLogger] Typed text: standard_user into element with locator: By.id: user-name
01:34:51 INFO  [BotLogger] Typed text: secret_sauce into element with locator: By.id: password
01:34:51 INFO  [BotLogger] Clicked on: By.id: login-button
01:34:51 INFO  [BotLogger] Test CaseConfirmation_TC1_finishOrderWithItems  started
01:34:51 INFO  [BotLogger] Clicked on: By.id: add-to-cart-sauce-labs-backpack
01:34:51 INFO  [BotLogger] Clicked on: By.id: shopping_cart_container
01:34:51 INFO  [BotLogger] Clicked on: By.id: checkout
01:34:51 INFO  [BotLogger] Typed text: Group into element with locator: By.id: first-name
01:34:51 INFO  [BotLogger] Typed text: Project into element with locator: By.id: last-name
01:34:52 INFO  [BotLogger] Typed text: 201 into element with locator: By.id: postal-code
01:34:52 INFO  [BotLogger] Clicked on: By.id: continue
01:34:52 INFO  [BotLogger] Clicked on: By.id: finish
]]></system-out>
    <system-err><![CDATA[Dec 09, 2025 1:34:48 AM org.openqa.selenium.devtools.CdpVersionFinder findNearestMatch
WARNING: Unable to find an exact match for CDP version 142, returning the closest version; found: 141; Please update to a Selenium version that supports CDP version 142
]]></system-err>
  </testcase>
  <testcase name="Confirmation_TC2_finishEmptyCartOrder[Group, Project, 201](1)" classname="SauceDemoTests.CheckoutConfirmationPageTests" time="0.935">
    <failure message="expected [true] but found [false]" type="java.lang.AssertionError"><![CDATA[java.lang.AssertionError: expected [true] but found [false]
	at org.testng.Assert.fail(Assert.java:111)
	at org.testng.Assert.failNotEquals(Assert.java:1590)
	at org.testng.Assert.assertEqualsImpl(Assert.java:150)
	at org.testng.Assert.assertEquals(Assert.java:132)
	at org.testng.Assert.assertEquals(Assert.java:1079)
	at org.testng.Assert.assertEquals(Assert.java:1043)
	at org.testng.Assert.assertEquals(Assert.java:1089)
	at SauceDemoTests.CheckoutConfirmationPageTests.verifyStaysOnCheckoutStepTwoPage(CheckoutConfirmationPageTests.java:52)
	at SauceDemoTests.CheckoutConfirmationPageTests.Confirmation_TC2_finishEmptyCartOrder(CheckoutConfirmationPageTests.java:77)
	at java.base/jdk.internal.reflect.DirectMethodHandleAccessor.invoke(DirectMethodHandleAccessor.java:103)
	at java.base/java.lang.reflect.Method.invoke(Method.java:580)
	at org.testng.internal.invokers.MethodInvocationHelper.invokeMethod(MethodInvocationHelper.java:141)
	at org.testng.internal.invokers.TestInvoker.invokeMethod(TestInvoker.java:687)
	at org.testng.internal.invokers.TestInvoker.invokeTestMethod(TestInvoker.java:230)
	at org.testng.internal.invokers.MethodRunner.runInSequence(MethodRunner.java:63)
	at org.testng.internal.invokers.TestInvoker$MethodInvocationAgent.invoke(TestInvoker.java:995)
	at org.testng.internal.invokers.TestInvoker.invokeTestMethods(TestInvoker.java:203)
	at org.testng.internal.invokers.TestMethodWorker.invokeTestMethods(TestMethodWorker.java:154)
	at org.testng.internal.invokers.TestMethodWorker.run(TestMethodWorker.java:134)
	at java.base/java.util.ArrayList.forEach(ArrayList.java:1596)
	at org.testng.TestRunner.privateRun(TestRunner.java:741)
	at org.testng.TestRunner.run(TestRunner.java:616)
	at org.testng.SuiteRunner.runTest(SuiteRunner.java:421)
	at org.testng.SuiteRunner.runSequentially(SuiteRunner.java:413)
	at org.testng.SuiteRunner.privateRun(SuiteRunner.java:373)
	at org.testng.SuiteRunner.run(SuiteRunner.java:312)
	at org.testng.SuiteRunnerWorker.runSuite(SuiteRunnerWorker.java:52)
	at org.testng.SuiteRunnerWorker.run(SuiteRunnerWorker.java:95)
	at org.testng.TestNG.runSuitesSequentially(TestNG.java:1274)
	at org.testng.TestNG.runSuitesLocally(TestNG.java:1208)
	at org.testng.TestNG.runSuites(TestNG.java:1112)
	at org.testng.TestNG.run(TestNG.java:1079)
	at org.apache.maven.surefire.testng.TestNGExecutor.run(TestNGExecutor.java:155)
	at org.apache.maven.surefire.testng.TestNGDirectoryTestSuite.executeMulti(TestNGDirectoryTestSuite.java:169)
	at org.apache.maven.surefire.testng.TestNGDirectoryTestSuite.execute(TestNGDirectoryTestSuite.java:88)
	at org.apache.maven.surefire.testng.TestNGProvider.invoke(TestNGProvider.java:137)
	at org.apache.maven.surefire.booter.ForkedBooter.runSuitesInProcess(ForkedBooter.java:385)
	at org.apache.maven.surefire.booter.ForkedBooter.execute(ForkedBooter.java:162)
	at org.apache.maven.surefire.booter.ForkedBooter.run(ForkedBooter.java:507)
	at org.apache.maven.surefire.booter.ForkedBooter.main(ForkedBooter.java:495)
]]></failure>
    <system-out><![CDATA[01:34:52 INFO  [BotLogger] Test CaseConfirmation_TC1_finishOrderWithItems  passed
01:34:52 INFO  [BotLogger] Browser is opened
01:34:52 INFO  [BotLogger] Browser closed
01:34:53 INFO  [BotLogger] Browser is opened
01:34:55 INFO  [BotLogger] Browser is opened
01:34:55 INFO  [BotLogger] Typed text: standard_user into element with locator: By.id: user-name
01:34:56 INFO  [BotLogger] Typed text: secret_sauce into element with locator: By.id: password
01:34:56 INFO  [BotLogger] Clicked on: By.id: login-button
01:34:56 INFO  [BotLogger] Test CaseConfirmation_TC2_finishEmptyCartOrder  started
01:34:56 INFO  [BotLogger] Clicked on: By.id: shopping_cart_container
01:34:56 INFO  [BotLogger] Clicked on: By.id: checkout
01:34:56 INFO  [BotLogger] Typed text: Group into element with locator: By.id: first-name
01:34:56 INFO  [BotLogger] Typed text: Project into element with locator: By.id: last-name
01:34:56 INFO  [BotLogger] Typed text: 201 into element with locator: By.id: postal-code
01:34:56 INFO  [BotLogger] Clicked on: By.id: continue
01:34:56 INFO  [BotLogger] Clicked on: By.id: finish
01:34:56 INFO  [BotLogger] TestCase  Confirmation_TC2_finishEmptyCartOrder  failed
01:34:56 INFO  [BotLogger] Browser is opened
01:34:57 INFO  [BotLogger] Screenshot taken: Confirmation_TC2_finishEmptyCartOrder
]]></system-out>
    <system-err><![CDATA[Dec 09, 2025 1:34:53 AM org.openqa.selenium.devtools.CdpVersionFinder findNearestMatch
WARNING: Unable to find an exact match for CDP version 142, returning the closest version; found: 141; Please update to a Selenium version that supports CDP version 142
]]></system-err>
  </testcase>
  <testcase name="Confirmation_TC3_backToHomeAfterCompletion[Group, Project, 201](1)" classname="SauceDemoTests.CheckoutConfirmationPageTests" time="0.908">
    <system-out><![CDATA[01:34:57 INFO  [BotLogger] Test CaseConfirmation_TC2_finishEmptyCartOrder  failed
01:34:57 INFO  [BotLogger] Browser is opened
01:34:57 INFO  [BotLogger] Browser closed
01:34:58 INFO  [BotLogger] Browser is opened
01:35:00 INFO  [BotLogger] Browser is opened
01:35:00 INFO  [BotLogger] Typed text: standard_user into element with locator: By.id: user-name
01:35:00 INFO  [BotLogger] Typed text: secret_sauce into element with locator: By.id: password
01:35:00 INFO  [BotLogger] Clicked on: By.id: login-button
01:35:00 INFO  [BotLogger] Test CaseConfirmation_TC3_backToHomeAfterCompletion  started
01:35:00 INFO  [BotLogger] Clicked on: By.id: add-to-cart-sauce-labs-backpack
01:35:00 INFO  [BotLogger] Clicked on: By.id: shopping_cart_container
01:35:00 INFO  [BotLogger] Clicked on: By.id: checkout
01:35:00 INFO  [BotLogger] Typed text: Group into element with locator: By.id: first-name
01:35:01 INFO  [BotLogger] Typed text: Project into element with locator: By.id: last-name
01:35:01 INFO  [BotLogger] Typed text: 201 into element with locator: By.id: postal-code
01:35:01 INFO  [BotLogger] Clicked on: By.id: continue
01:35:01 INFO  [BotLogger] Clicked on: By.id: finish
01:35:01 INFO  [BotLogger] Clicked on: By.xpath: //button[text()='Back Home']
]]></system-out>
    <system-err><![CDATA[Dec 09, 2025 1:34:58 AM org.openqa.selenium.devtools.CdpVersionFinder findNearestMatch
WARNING: Unable to find an exact match for CDP version 142, returning the closest version; found: 141; Please update to a Selenium version that supports CDP version 142
]]></system-err>
  </testcase>
  <testcase name="testCheckoutWithEmptyFirstName[, Project, 201](1)" classname="SauceDemoTests.CheckoutPageTests" time="0.781">
    <system-out><![CDATA[01:35:01 INFO  [BotLogger] Test CaseConfirmation_TC3_backToHomeAfterCompletion  passed
01:35:01 INFO  [BotLogger] Browser is opened
01:35:01 INFO  [BotLogger] Browser closed
01:35:02 INFO  [BotLogger] Browser is opened
01:35:04 INFO  [BotLogger] Browser is opened
01:35:05 INFO  [BotLogger] Typed text: standard_user into element with locator: By.id: user-name
01:35:05 INFO  [BotLogger] Typed text: secret_sauce into element with locator: By.id: password
01:35:05 INFO  [BotLogger] Clicked on: By.id: login-button
01:35:05 INFO  [BotLogger] Clicked on: By.id: add-to-cart-sauce-labs-backpack
01:35:05 INFO  [BotLogger] Clicked on: By.id: shopping_cart_container
01:35:05 INFO  [BotLogger] Clicked on: By.id: checkout
01:35:05 INFO  [BotLogger] Test CasetestCheckoutWithEmptyFirstName  started
01:35:05 INFO  [BotLogger] Typed text:  into element with locator: By.id: first-name
01:35:05 INFO  [BotLogger] Typed text: Project into element with locator: By.id: last-name
01:35:06 INFO  [BotLogger] Typed text: 201 into element with locator: By.id: postal-code
01:35:06 INFO  [BotLogger] Clicked on: By.id: continue
]]></system-out>
    <system-err><![CDATA[Dec 09, 2025 1:35:02 AM org.openqa.selenium.devtools.CdpVersionFinder findNearestMatch
WARNING: Unable to find an exact match for CDP version 142, returning the closest version; found: 141; Please update to a Selenium version that supports CDP version 142
]]></system-err>
  </testcase>
  <testcase name="testCheckoutWithEmptyZip[Group, Project, ](1)" classname="SauceDemoTests.CheckoutPageTests" time="0.766">
    <system-out><![CDATA[01:35:06 INFO  [BotLogger] Test CasetestCheckoutWithEmptyFirstName  passed
01:35:06 INFO  [BotLogger] Browser is opened
01:35:06 INFO  [BotLogger] Browser closed
01:35:07 INFO  [BotLogger] Browser is opened
01:35:09 INFO  [BotLogger] Browser is opened
01:35:09 INFO  [BotLogger] Typed text: standard_user into element with locator: By.id: user-name
01:35:09 INFO  [BotLogger] Typed text: secret_sauce into element with locator: By.id: password
01:35:10 INFO  [BotLogger] Clicked on: By.id: login-button
01:35:10 INFO  [BotLogger] Clicked on: By.id: add-to-cart-sauce-labs-backpack
01:35:10 INFO  [BotLogger] Clicked on: By.id: shopping_cart_container
01:35:10 INFO  [BotLogger] Clicked on: By.id: checkout
01:35:10 INFO  [BotLogger] Test CasetestCheckoutWithEmptyZip  started
01:35:10 INFO  [BotLogger] Typed text: Group into element with locator: By.id: first-name
01:35:10 INFO  [BotLogger] Typed text: Project into element with locator: By.id: last-name
01:35:10 INFO  [BotLogger] Typed text:  into element with locator: By.id: postal-code
01:35:10 INFO  [BotLogger] Clicked on: By.id: continue
]]></system-out>
    <system-err><![CDATA[Dec 09, 2025 1:35:07 AM org.openqa.selenium.devtools.CdpVersionFinder findNearestMatch
WARNING: Unable to find an exact match for CDP version 142, returning the closest version; found: 141; Please update to a Selenium version that supports CDP version 142
]]></system-err>
  </testcase>
  <testcase name="testCheckoutWithValidData[Group, Project, 201](1)" classname="SauceDemoTests.CheckoutPageTests" time="0.465">
    <system-out><![CDATA[01:35:11 INFO  [BotLogger] Test CasetestCheckoutWithEmptyZip  passed
01:35:11 INFO  [BotLogger] Browser is opened
01:35:11 INFO  [BotLogger] Browser closed
01:35:12 INFO  [BotLogger] Browser is opened
01:35:14 INFO  [BotLogger] Browser is opened
01:35:14 INFO  [BotLogger] Typed text: standard_user into element with locator: By.id: user-name
01:35:14 INFO  [BotLogger] Typed text: secret_sauce into element with locator: By.id: password
01:35:14 INFO  [BotLogger] Clicked on: By.id: login-button
01:35:14 INFO  [BotLogger] Clicked on: By.id: add-to-cart-sauce-labs-backpack
01:35:14 INFO  [BotLogger] Clicked on: By.id: shopping_cart_container
01:35:15 INFO  [BotLogger] Clicked on: By.id: checkout
01:35:15 INFO  [BotLogger] Test CasetestCheckoutWithValidData  started
01:35:15 INFO  [BotLogger] Typed text: Group into element with locator: By.id: first-name
01:35:15 INFO  [BotLogger] Typed text: Project into element with locator: By.id: last-name
01:35:15 INFO  [BotLogger] Typed text: 201 into element with locator: By.id: postal-code
01:35:15 INFO  [BotLogger] Clicked on: By.id: continue
]]></system-out>
    <system-err><![CDATA[Dec 09, 2025 1:35:12 AM org.openqa.selenium.devtools.CdpVersionFinder findNearestMatch
WARNING: Unable to find an exact match for CDP version 142, returning the closest version; found: 141; Please update to a Selenium version that supports CDP version 142
]]></system-err>
  </testcase>
  <testcase name="invalidEndToEndPurchaseFlow1" classname="SauceDemoTests.EndToEndTest" time="1.394">
    <system-out><![CDATA[01:35:15 INFO  [BotLogger] Test CasetestCheckoutWithValidData  passed
01:35:15 INFO  [BotLogger] Browser is opened
01:35:15 INFO  [BotLogger] Browser closed
01:35:16 INFO  [BotLogger] Browser is opened
01:35:18 INFO  [BotLogger] Browser is opened
01:35:18 INFO  [BotLogger] Test CaseinvalidEndToEndPurchaseFlow1  started
01:35:18 INFO  [BotLogger] Typed text: standard_user into element with locator: By.id: user-name
01:35:18 INFO  [BotLogger] Typed text: secret_sauce into element with locator: By.id: password
01:35:19 INFO  [BotLogger] Clicked on: By.id: login-button
01:35:19 INFO  [BotLogger] Clicked on: By.id: add-to-cart-sauce-labs-backpack
01:35:19 INFO  [BotLogger] Clicked on: By.id: add-to-cart-sauce-labs-bike-light
01:35:19 INFO  [BotLogger] Clicked on: By.id: add-to-cart-sauce-labs-bolt-t-shirt
01:35:19 INFO  [BotLogger] Clicked on: By.id: shopping_cart_container
01:35:19 INFO  [BotLogger] Clicked on: By.id: checkout
01:35:19 INFO  [BotLogger] Typed text:  into element with locator: By.id: first-name
01:35:19 INFO  [BotLogger] Typed text: Testing into element with locator: By.id: last-name
01:35:19 INFO  [BotLogger] Typed text: 201 into element with locator: By.id: postal-code
01:35:20 INFO  [BotLogger] Clicked on: By.id: continue
]]></system-out>
    <system-err><![CDATA[Dec 09, 2025 1:35:16 AM org.openqa.selenium.devtools.CdpVersionFinder findNearestMatch
WARNING: Unable to find an exact match for CDP version 142, returning the closest version; found: 141; Please update to a Selenium version that supports CDP version 142
]]></system-err>
  </testcase>
  <testcase name="invalidEndToEndPurchaseFlow2" classname="SauceDemoTests.EndToEndTest" time="1.369">
    <system-out><![CDATA[01:35:20 INFO  [BotLogger] Test CaseinvalidEndToEndPurchaseFlow1  passed
01:35:20 INFO  [BotLogger] Browser is opened
01:35:20 INFO  [BotLogger] Browser closed
01:35:21 INFO  [BotLogger] Browser is opened
01:35:23 INFO  [BotLogger] Browser is opened
01:35:23 INFO  [BotLogger] Test CaseinvalidEndToEndPurchaseFlow2  started
01:35:23 INFO  [BotLogger] Typed text: standard_user into element with locator: By.id: user-name
01:35:23 INFO  [BotLogger] Typed text: secret_sauce into element with locator: By.id: password
01:35:23 INFO  [BotLogger] Clicked on: By.id: login-button
01:35:23 INFO  [BotLogger] Clicked on: By.id: add-to-cart-sauce-labs-backpack
01:35:23 INFO  [BotLogger] Clicked on: By.id: add-to-cart-sauce-labs-bike-light
01:35:23 INFO  [BotLogger] Clicked on: By.id: add-to-cart-sauce-labs-bolt-t-shirt
01:35:23 INFO  [BotLogger] Clicked on: By.id: shopping_cart_container
01:35:24 INFO  [BotLogger] Clicked on: By.id: checkout
01:35:24 INFO  [BotLogger] Typed text: NHA into element with locator: By.id: first-name
01:35:24 INFO  [BotLogger] Typed text:  into element with locator: By.id: last-name
01:35:24 INFO  [BotLogger] Typed text: 201 into element with locator: By.id: postal-code
01:35:24 INFO  [BotLogger] Clicked on: By.id: continue
]]></system-out>
    <system-err><![CDATA[Dec 09, 2025 1:35:21 AM org.openqa.selenium.devtools.CdpVersionFinder findNearestMatch
WARNING: Unable to find an exact match for CDP version 142, returning the closest version; found: 141; Please update to a Selenium version that supports CDP version 142
]]></system-err>
  </testcase>
  <testcase name="invalidEndToEndPurchaseFlow3" classname="SauceDemoTests.EndToEndTest" time="1.437">
    <system-out><![CDATA[01:35:24 INFO  [BotLogger] Test CaseinvalidEndToEndPurchaseFlow2  passed
01:35:24 INFO  [BotLogger] Browser is opened
01:35:24 INFO  [BotLogger] Browser closed
01:35:25 INFO  [BotLogger] Browser is opened
01:35:28 INFO  [BotLogger] Browser is opened
01:35:28 INFO  [BotLogger] Test CaseinvalidEndToEndPurchaseFlow3  started
01:35:28 INFO  [BotLogger] Typed text: standard_user into element with locator: By.id: user-name
01:35:28 INFO  [BotLogger] Typed text: secret_sauce into element with locator: By.id: password
01:35:29 INFO  [BotLogger] Clicked on: By.id: login-button
01:35:29 INFO  [BotLogger] Clicked on: By.id: add-to-cart-sauce-labs-backpack
01:35:29 INFO  [BotLogger] Clicked on: By.id: add-to-cart-sauce-labs-bike-light
01:35:29 INFO  [BotLogger] Clicked on: By.id: add-to-cart-sauce-labs-bolt-t-shirt
01:35:29 INFO  [BotLogger] Clicked on: By.id: shopping_cart_container
01:35:29 INFO  [BotLogger] Clicked on: By.id: checkout
01:35:29 INFO  [BotLogger] Typed text: NHA into element with locator: By.id: first-name
01:35:29 INFO  [BotLogger] Typed text: Testing into element with locator: By.id: last-name
01:35:29 INFO  [BotLogger] Typed text:  into element with locator: By.id: postal-code
01:35:29 INFO  [BotLogger] Clicked on: By.id: continue
]]></system-out>
    <system-err><![CDATA[Dec 09, 2025 1:35:25 AM org.openqa.selenium.devtools.CdpVersionFinder findNearestMatch
WARNING: Unable to find an exact match for CDP version 142, returning the closest version; found: 141; Please update to a Selenium version that supports CDP version 142
]]></system-err>
  </testcase>
  <testcase name="invalidEndToEndPurchaseFlow4" classname="SauceDemoTests.EndToEndTest" time="1.427">
    <system-out><![CDATA[01:35:30 INFO  [BotLogger] Test CaseinvalidEndToEndPurchaseFlow3  passed
01:35:30 INFO  [BotLogger] Browser is opened
01:35:30 INFO  [BotLogger] Browser closed
01:35:31 INFO  [BotLogger] Browser is opened
01:35:33 INFO  [BotLogger] Browser is opened
01:35:33 INFO  [BotLogger] Test CaseinvalidEndToEndPurchaseFlow4  started
01:35:33 INFO  [BotLogger] Typed text: standard_user into element with locator: By.id: user-name
01:35:33 INFO  [BotLogger] Typed text: secret_sauce into element with locator: By.id: password
01:35:33 INFO  [BotLogger] Clicked on: By.id: login-button
01:35:33 INFO  [BotLogger] Clicked on: By.id: add-to-cart-sauce-labs-backpack
01:35:33 INFO  [BotLogger] Clicked on: By.id: add-to-cart-sauce-labs-bike-light
01:35:33 INFO  [BotLogger] Clicked on: By.id: add-to-cart-sauce-labs-bolt-t-shirt
01:35:33 INFO  [BotLogger] Clicked on: By.id: shopping_cart_container
01:35:34 INFO  [BotLogger] Clicked on: By.id: checkout
01:35:34 INFO  [BotLogger] Typed text:  into element with locator: By.id: first-name
01:35:34 INFO  [BotLogger] Typed text: Testing into element with locator: By.id: last-name
01:35:34 INFO  [BotLogger] Typed text:  into element with locator: By.id: postal-code
01:35:34 INFO  [BotLogger] Clicked on: By.id: cancel
]]></system-out>
    <system-err><![CDATA[Dec 09, 2025 1:35:31 AM org.openqa.selenium.devtools.CdpVersionFinder findNearestMatch
WARNING: Unable to find an exact match for CDP version 142, returning the closest version; found: 141; Please update to a Selenium version that supports CDP version 142
]]></system-err>
  </testcase>
  <testcase name="invalidEndToEndPurchaseFlow5" classname="SauceDemoTests.EndToEndTest" time="1.509">
    <system-out><![CDATA[01:35:34 INFO  [BotLogger] Test CaseinvalidEndToEndPurchaseFlow4  passed
01:35:34 INFO  [BotLogger] Browser is opened
01:35:34 INFO  [BotLogger] Browser closed
01:35:35 INFO  [BotLogger] Browser is opened
01:35:37 INFO  [BotLogger] Browser is opened
01:35:37 INFO  [BotLogger] Test CaseinvalidEndToEndPurchaseFlow5  started
01:35:37 INFO  [BotLogger] Typed text: standard_user into element with locator: By.id: user-name
01:35:37 INFO  [BotLogger] Typed text: secret_sauce into element with locator: By.id: password
01:35:37 INFO  [BotLogger] Clicked on: By.id: login-button
01:35:37 INFO  [BotLogger] Clicked on: By.id: add-to-cart-sauce-labs-backpack
01:35:38 INFO  [BotLogger] Clicked on: By.id: add-to-cart-sauce-labs-bike-light
01:35:38 INFO  [BotLogger] Clicked on: By.id: add-to-cart-sauce-labs-bolt-t-shirt
01:35:38 INFO  [BotLogger] Clicked on: By.id: shopping_cart_container
01:35:38 INFO  [BotLogger] Clicked on: By.id: checkout
01:35:38 INFO  [BotLogger] Typed text:  into element with locator: By.id: first-name
01:35:38 INFO  [BotLogger] Typed text:  into element with locator: By.id: last-name
01:35:38 INFO  [BotLogger] Typed text: 201 into element with locator: By.id: postal-code
01:35:38 INFO  [BotLogger] Clicked on: By.id: continue
]]></system-out>
    <system-err><![CDATA[Dec 09, 2025 1:35:35 AM org.openqa.selenium.devtools.CdpVersionFinder findNearestMatch
WARNING: Unable to find an exact match for CDP version 142, returning the closest version; found: 141; Please update to a Selenium version that supports CDP version 142
]]></system-err>
  </testcase>
  <testcase name="invalidEndToEndPurchaseFlow6" classname="SauceDemoTests.EndToEndTest" time="1.514">
    <system-out><![CDATA[01:35:38 INFO  [BotLogger] Test CaseinvalidEndToEndPurchaseFlow5  passed
01:35:38 INFO  [BotLogger] Browser is opened
01:35:39 INFO  [BotLogger] Browser closed
01:35:40 INFO  [BotLogger] Browser is opened
01:35:42 INFO  [BotLogger] Browser is opened
01:35:42 INFO  [BotLogger] Test CaseinvalidEndToEndPurchaseFlow6  started
01:35:42 INFO  [BotLogger] Typed text: standard_user into element with locator: By.id: user-name
01:35:42 INFO  [BotLogger] Typed text: secret_sauce into element with locator: By.id: password
01:35:42 INFO  [BotLogger] Clicked on: By.id: login-button
01:35:42 INFO  [BotLogger] Clicked on: By.id: add-to-cart-sauce-labs-backpack
01:35:42 INFO  [BotLogger] Clicked on: By.id: add-to-cart-sauce-labs-bike-light
01:35:42 INFO  [BotLogger] Clicked on: By.id: add-to-cart-sauce-labs-bolt-t-shirt
01:35:42 INFO  [BotLogger] Clicked on: By.id: shopping_cart_container
01:35:43 INFO  [BotLogger] Clicked on: By.id: checkout
01:35:43 INFO  [BotLogger] Typed text: NHA into element with locator: By.id: first-name
01:35:43 INFO  [BotLogger] Typed text:  into element with locator: By.id: last-name
01:35:43 INFO  [BotLogger] Typed text: 201 into element with locator: By.id: postal-code
01:35:43 INFO  [BotLogger] Clicked on: By.id: continue
01:35:43 INFO  [BotLogger] Clicked on: By.id: cancel
]]></system-out>
    <system-err><![CDATA[Dec 09, 2025 1:35:39 AM org.openqa.selenium.devtools.CdpVersionFinder findNearestMatch
WARNING: Unable to find an exact match for CDP version 142, returning the closest version; found: 141; Please update to a Selenium version that supports CDP version 142
]]></system-err>
  </testcase>
  <testcase name="validEndToEndPurchaseFlow1" classname="SauceDemoTests.EndToEndTest" time="2.466">
    <system-out><![CDATA[01:35:43 INFO  [BotLogger] Test CaseinvalidEndToEndPurchaseFlow6  passed
01:35:43 INFO  [BotLogger] Browser is opened
01:35:43 INFO  [BotLogger] Browser closed
01:35:44 INFO  [BotLogger] Browser is opened
01:35:46 INFO  [BotLogger] Browser is opened
01:35:46 INFO  [BotLogger] Test CasevalidEndToEndPurchaseFlow1  started
01:35:46 INFO  [BotLogger] Typed text: standard_user into element with locator: By.id: user-name
01:35:46 INFO  [BotLogger] Typed text: secret_sauce into element with locator: By.id: password
01:35:46 INFO  [BotLogger] Clicked on: By.id: login-button
01:35:47 INFO  [BotLogger] Clicked on: By.id: add-to-cart-sauce-labs-backpack
01:35:47 INFO  [BotLogger] Clicked on: By.id: add-to-cart-sauce-labs-bike-light
01:35:47 INFO  [BotLogger] Clicked on: By.id: add-to-cart-sauce-labs-bolt-t-shirt
01:35:47 INFO  [BotLogger] Clicked on: By.id: shopping_cart_container
01:35:47 INFO  [BotLogger] Clicked on: By.id: checkout
01:35:47 INFO  [BotLogger] Typed text: NHA into element with locator: By.id: first-name
01:35:48 INFO  [BotLogger] Typed text: Testing into element with locator: By.id: last-name
01:35:48 INFO  [BotLogger] Typed text: 201 into element with locator: By.id: postal-code
01:35:48 INFO  [BotLogger] Clicked on: By.id: continue
01:35:48 INFO  [BotLogger] Clicked on: By.id: finish
]]></system-out>
    <system-err><![CDATA[Dec 09, 2025 1:35:44 AM org.openqa.selenium.devtools.CdpVersionFinder findNearestMatch
WARNING: Unable to find an exact match for CDP version 142, returning the closest version; found: 141; Please update to a Selenium version that supports CDP version 142
]]></system-err>
  </testcase>
  <testcase name="validEndToEndPurchaseFlow2" classname="SauceDemoTests.EndToEndTest" time="1.645">
    <system-out><![CDATA[01:35:48 INFO  [BotLogger] Test CasevalidEndToEndPurchaseFlow1  passed
01:35:48 INFO  [BotLogger] Browser is opened
01:35:49 INFO  [BotLogger] Browser closed
01:35:50 INFO  [BotLogger] Browser is opened
01:35:52 INFO  [BotLogger] Browser is opened
01:35:52 INFO  [BotLogger] Test CasevalidEndToEndPurchaseFlow2  started
01:35:52 INFO  [BotLogger] Typed text: standard_user into element with locator: By.id: user-name
01:35:52 INFO  [BotLogger] Typed text: secret_sauce into element with locator: By.id: password
01:35:52 INFO  [BotLogger] Clicked on: By.id: login-button
01:35:52 INFO  [BotLogger] Clicked on: By.id: add-to-cart-sauce-labs-backpack
01:35:52 INFO  [BotLogger] Clicked on: By.id: add-to-cart-sauce-labs-bike-light
01:35:52 INFO  [BotLogger] Clicked on: By.id: add-to-cart-sauce-labs-bolt-t-shirt
01:35:52 INFO  [BotLogger] Clicked on: By.id: shopping_cart_container
01:35:53 INFO  [BotLogger] Clicked on: By.id: checkout
01:35:53 INFO  [BotLogger] Typed text: NHA into element with locator: By.id: first-name
01:35:53 INFO  [BotLogger] Typed text: Testing into element with locator: By.id: last-name
01:35:53 INFO  [BotLogger] Typed text: 201 into element with locator: By.id: postal-code
01:35:53 INFO  [BotLogger] Clicked on: By.id: continue
01:35:53 INFO  [BotLogger] Clicked on: By.id: finish
01:35:53 INFO  [BotLogger] Clicked on: By.xpath: //button[text()='Back Home']
]]></system-out>
    <system-err><![CDATA[Dec 09, 2025 1:35:50 AM org.openqa.selenium.devtools.CdpVersionFinder findNearestMatch
WARNING: Unable to find an exact match for CDP version 142, returning the closest version; found: 141; Please update to a Selenium version that supports CDP version 142
]]></system-err>
  </testcase>
  <testcase name="Home_Tc1_scrollAndCheckBadge" classname="SauceDemoTests.HomePageTest" time="0.61">
    <system-out><![CDATA[01:35:53 INFO  [BotLogger] Test CasevalidEndToEndPurchaseFlow2  passed
01:35:53 INFO  [BotLogger] Browser is opened
01:35:54 INFO  [BotLogger] Browser closed
01:35:54 INFO  [BotLogger] Browser is opened
01:35:56 INFO  [BotLogger] Browser is opened
01:35:57 INFO  [BotLogger] Typed text: standard_user into element with locator: By.id: user-name
01:35:57 INFO  [BotLogger] Typed text: secret_sauce into element with locator: By.id: password
01:35:57 INFO  [BotLogger] Clicked on: By.id: login-button
01:35:57 INFO  [BotLogger] Test CaseHome_Tc1_scrollAndCheckBadge  started
01:35:57 INFO  [BotLogger] Scrolled to element: By.className: footer
01:35:57 INFO  [BotLogger] Scrolled to element: By.className: app_logo
]]></system-out>
    <system-err><![CDATA[Dec 09, 2025 1:35:54 AM org.openqa.selenium.devtools.CdpVersionFinder findNearestMatch
WARNING: Unable to find an exact match for CDP version 142, returning the closest version; found: 141; Please update to a Selenium version that supports CDP version 142
]]></system-err>
  </testcase>
  <testcase name="Home_Tc2_testOpenMenu" classname="SauceDemoTests.HomePageTest" time="0.127">
    <system-out><![CDATA[01:35:57 INFO  [BotLogger] Test CaseHome_Tc1_scrollAndCheckBadge  passed
01:35:57 INFO  [BotLogger] Browser is opened
01:35:58 INFO  [BotLogger] Browser closed
01:35:59 INFO  [BotLogger] Browser is opened
01:36:01 INFO  [BotLogger] Browser is opened
01:36:01 INFO  [BotLogger] Typed text: standard_user into element with locator: By.id: user-name
01:36:01 INFO  [BotLogger] Typed text: secret_sauce into element with locator: By.id: password
01:36:01 INFO  [BotLogger] Clicked on: By.id: login-button
01:36:01 INFO  [BotLogger] Test CaseHome_Tc2_testOpenMenu  started
01:36:01 INFO  [BotLogger] Clicked on: By.xpath: //button[@id='react-burger-menu-btn']
01:36:01 INFO  [BotLogger] Element displayed status for locator By.id: menu_button_container: true
]]></system-out>
    <system-err><![CDATA[Dec 09, 2025 1:35:59 AM org.openqa.selenium.devtools.CdpVersionFinder findNearestMatch
WARNING: Unable to find an exact match for CDP version 142, returning the closest version; found: 141; Please update to a Selenium version that supports CDP version 142
]]></system-err>
  </testcase>
  <testcase name="Home_Tc3_addMultipleProducts" classname="SauceDemoTests.HomePageTest" time="0.611">
    <system-out><![CDATA[01:36:01 INFO  [BotLogger] Test CaseHome_Tc2_testOpenMenu  passed
01:36:01 INFO  [BotLogger] Browser is opened
01:36:01 INFO  [BotLogger] Browser closed
01:36:02 INFO  [BotLogger] Browser is opened
01:36:04 INFO  [BotLogger] Browser is opened
01:36:04 INFO  [BotLogger] Typed text: standard_user into element with locator: By.id: user-name
01:36:04 INFO  [BotLogger] Typed text: secret_sauce into element with locator: By.id: password
01:36:05 INFO  [BotLogger] Clicked on: By.id: login-button
01:36:05 INFO  [BotLogger] Test CaseHome_Tc3_addMultipleProducts  started
01:36:05 INFO  [BotLogger] Clicked on: By.id: add-to-cart-sauce-labs-backpack
01:36:05 INFO  [BotLogger] Clicked on: By.id: add-to-cart-sauce-labs-bike-light
01:36:05 INFO  [BotLogger] Clicked on: By.id: add-to-cart-sauce-labs-bolt-t-shirt
]]></system-out>
    <system-err><![CDATA[Dec 09, 2025 1:36:02 AM org.openqa.selenium.devtools.CdpVersionFinder findNearestMatch
WARNING: Unable to find an exact match for CDP version 142, returning the closest version; found: 141; Please update to a Selenium version that supports CDP version 142
]]></system-err>
  </testcase>
  <testcase name="Home_Tc4_removeProducts" classname="SauceDemoTests.HomePageTest" time="0.559">
    <system-out><![CDATA[01:36:05 INFO  [BotLogger] Test CaseHome_Tc3_addMultipleProducts  passed
01:36:05 INFO  [BotLogger] Browser is opened
01:36:05 INFO  [BotLogger] Browser closed
01:36:06 INFO  [BotLogger] Browser is opened
01:36:08 INFO  [BotLogger] Browser is opened
01:36:08 INFO  [BotLogger] Typed text: standard_user into element with locator: By.id: user-name
01:36:09 INFO  [BotLogger] Typed text: secret_sauce into element with locator: By.id: password
01:36:09 INFO  [BotLogger] Clicked on: By.id: login-button
01:36:09 INFO  [BotLogger] Test CaseHome_Tc4_removeProducts  started
01:36:09 INFO  [BotLogger] Clicked on: By.id: add-to-cart-sauce-labs-backpack
01:36:09 INFO  [BotLogger] Clicked on: By.id: add-to-cart-sauce-labs-bike-light
01:36:09 INFO  [BotLogger] Clicked on: By.id: add-to-cart-sauce-labs-bolt-t-shirt
01:36:09 INFO  [BotLogger] Clicked on: By.id: remove-sauce-labs-backpack
01:36:09 INFO  [BotLogger] Clicked on: By.id: remove-sauce-labs-bike-light
01:36:09 INFO  [BotLogger] Clicked on: By.id: remove-sauce-labs-bolt-t-shirt
]]></system-out>
    <system-err><![CDATA[Dec 09, 2025 1:36:06 AM org.openqa.selenium.devtools.CdpVersionFinder findNearestMatch
WARNING: Unable to find an exact match for CDP version 142, returning the closest version; found: 141; Please update to a Selenium version that supports CDP version 142
]]></system-err>
  </testcase>
  <testcase name="testValidLogin[standard_user, secret_sauce](1)" classname="SauceDemoTests.LoginPageTests" time="0.436">
    <system-out><![CDATA[01:36:09 INFO  [BotLogger] Test CaseHome_Tc4_removeProducts  passed
01:36:09 INFO  [BotLogger] Browser is opened
01:36:09 INFO  [BotLogger] Browser closed
01:36:10 INFO  [BotLogger] Browser is opened
01:36:12 INFO  [BotLogger] Browser is opened
01:36:12 INFO  [BotLogger] Test CasetestValidLogin  started
01:36:12 INFO  [BotLogger] Typed text: standard_user into element with locator: By.id: user-name
01:36:12 INFO  [BotLogger] Typed text: secret_sauce into element with locator: By.id: password
01:36:13 INFO  [BotLogger] Clicked on: By.id: login-button
]]></system-out>
    <system-err><![CDATA[Dec 09, 2025 1:36:10 AM org.openqa.selenium.devtools.CdpVersionFinder findNearestMatch
WARNING: Unable to find an exact match for CDP version 142, returning the closest version; found: 141; Please update to a Selenium version that supports CDP version 142
]]></system-err>
  </testcase>
  <testcase name="testValidLogin[problem_user, secret_sauce](2)" classname="SauceDemoTests.LoginPageTests" time="0.427">
    <system-out><![CDATA[01:36:13 INFO  [BotLogger] Test CasetestValidLogin  passed
01:36:13 INFO  [BotLogger] Browser is opened
01:36:13 INFO  [BotLogger] Browser closed
01:36:14 INFO  [BotLogger] Browser is opened
01:36:15 INFO  [BotLogger] Browser is opened
01:36:15 INFO  [BotLogger] Test CasetestValidLogin  started
01:36:16 INFO  [BotLogger] Typed text: problem_user into element with locator: By.id: user-name
01:36:16 INFO  [BotLogger] Typed text: secret_sauce into element with locator: By.id: password
01:36:16 INFO  [BotLogger] Clicked on: By.id: login-button
]]></system-out>
    <system-err><![CDATA[Dec 09, 2025 1:36:14 AM org.openqa.selenium.devtools.CdpVersionFinder findNearestMatch
WARNING: Unable to find an exact match for CDP version 142, returning the closest version; found: 141; Please update to a Selenium version that supports CDP version 142
]]></system-err>
  </testcase>
  <testcase name="testValidLogin[performance_glitch_user, secret_sauce](3)" classname="SauceDemoTests.LoginPageTests" time="5.489">
    <system-out><![CDATA[01:36:16 INFO  [BotLogger] Test CasetestValidLogin  passed
01:36:16 INFO  [BotLogger] Browser is opened
01:36:16 INFO  [BotLogger] Browser closed
01:36:17 INFO  [BotLogger] Browser is opened
01:36:18 INFO  [BotLogger] Browser is opened
01:36:18 INFO  [BotLogger] Test CasetestValidLogin  started
01:36:18 INFO  [BotLogger] Typed text: performance_glitch_user into element with locator: By.id: user-name
01:36:19 INFO  [BotLogger] Typed text: secret_sauce into element with locator: By.id: password
01:36:24 INFO  [BotLogger] Clicked on: By.id: login-button
]]></system-out>
    <system-err><![CDATA[Dec 09, 2025 1:36:17 AM org.openqa.selenium.devtools.CdpVersionFinder findNearestMatch
WARNING: Unable to find an exact match for CDP version 142, returning the closest version; found: 141; Please update to a Selenium version that supports CDP version 142
]]></system-err>
  </testcase>
  <testcase name="testSuccessfulLoginVerifyProductsPage[standard_user, secret_sauce](1)" classname="SauceDemoTests.LoginPageTests" time="0.467">
    <system-out><![CDATA[01:36:24 INFO  [BotLogger] Test CasetestValidLogin  passed
01:36:24 INFO  [BotLogger] Browser is opened
01:36:24 INFO  [BotLogger] Browser closed
01:36:25 INFO  [BotLogger] Browser is opened
01:36:27 INFO  [BotLogger] Browser is opened
01:36:27 INFO  [BotLogger] Test CasetestSuccessfulLoginVerifyProductsPage  started
01:36:27 INFO  [BotLogger] Typed text: standard_user into element with locator: By.id: user-name
01:36:27 INFO  [BotLogger] Typed text: secret_sauce into element with locator: By.id: password
01:36:27 INFO  [BotLogger] Clicked on: By.id: login-button
01:36:27 INFO  [BotLogger] Element displayed status for locator By.className: title: true
]]></system-out>
    <system-err><![CDATA[Dec 09, 2025 1:36:25 AM org.openqa.selenium.devtools.CdpVersionFinder findNearestMatch
WARNING: Unable to find an exact match for CDP version 142, returning the closest version; found: 141; Please update to a Selenium version that supports CDP version 142
]]></system-err>
  </testcase>
  <testcase name="testSuccessfulLoginVerifyProductsPage[problem_user, secret_sauce](2)" classname="SauceDemoTests.LoginPageTests" time="0.479">
    <system-out><![CDATA[01:36:27 INFO  [BotLogger] Test CasetestSuccessfulLoginVerifyProductsPage  passed
01:36:27 INFO  [BotLogger] Browser is opened
01:36:27 INFO  [BotLogger] Browser closed
01:36:28 INFO  [BotLogger] Browser is opened
01:36:30 INFO  [BotLogger] Browser is opened
01:36:30 INFO  [BotLogger] Test CasetestSuccessfulLoginVerifyProductsPage  started
01:36:30 INFO  [BotLogger] Typed text: problem_user into element with locator: By.id: user-name
01:36:30 INFO  [BotLogger] Typed text: secret_sauce into element with locator: By.id: password
01:36:31 INFO  [BotLogger] Clicked on: By.id: login-button
01:36:31 INFO  [BotLogger] Element displayed status for locator By.className: title: true
]]></system-out>
    <system-err><![CDATA[Dec 09, 2025 1:36:28 AM org.openqa.selenium.devtools.CdpVersionFinder findNearestMatch
WARNING: Unable to find an exact match for CDP version 142, returning the closest version; found: 141; Please update to a Selenium version that supports CDP version 142
]]></system-err>
  </testcase>
  <testcase name="testSuccessfulLoginVerifyProductsPage[performance_glitch_user, secret_sauce](3)" classname="SauceDemoTests.LoginPageTests" time="5.537">
    <system-out><![CDATA[01:36:31 INFO  [BotLogger] Test CasetestSuccessfulLoginVerifyProductsPage  passed
01:36:31 INFO  [BotLogger] Browser is opened
01:36:31 INFO  [BotLogger] Browser closed
01:36:32 INFO  [BotLogger] Browser is opened
01:36:33 INFO  [BotLogger] Browser is opened
01:36:33 INFO  [BotLogger] Test CasetestSuccessfulLoginVerifyProductsPage  started
01:36:33 INFO  [BotLogger] Typed text: performance_glitch_user into element with locator: By.id: user-name
01:36:33 INFO  [BotLogger] Typed text: secret_sauce into element with locator: By.id: password
01:36:38 INFO  [BotLogger] Clicked on: By.id: login-button
01:36:38 INFO  [BotLogger] Element displayed status for locator By.className: title: true
]]></system-out>
    <system-err><![CDATA[Dec 09, 2025 1:36:32 AM org.openqa.selenium.devtools.CdpVersionFinder findNearestMatch
WARNING: Unable to find an exact match for CDP version 142, returning the closest version; found: 141; Please update to a Selenium version that supports CDP version 142
]]></system-err>
  </testcase>
  <testcase name="testInvalidLogin[invalid_user, secret_sauce](1)" classname="SauceDemoTests.LoginPageTests" time="0.714">
    <system-out><![CDATA[01:36:39 INFO  [BotLogger] Test CasetestSuccessfulLoginVerifyProductsPage  passed
01:36:39 INFO  [BotLogger] Browser is opened
01:36:39 INFO  [BotLogger] Browser closed
01:36:40 INFO  [BotLogger] Browser is opened
01:36:42 INFO  [BotLogger] Browser is opened
01:36:42 INFO  [BotLogger] Test CasetestInvalidLogin  started
01:36:42 INFO  [BotLogger] Typed text: invalid_user into element with locator: By.id: user-name
01:36:42 INFO  [BotLogger] Typed text: secret_sauce into element with locator: By.id: password
01:36:42 INFO  [BotLogger] Clicked on: By.id: login-button
]]></system-out>
    <system-err><![CDATA[Dec 09, 2025 1:36:40 AM org.openqa.selenium.devtools.CdpVersionFinder findNearestMatch
WARNING: Unable to find an exact match for CDP version 142, returning the closest version; found: 141; Please update to a Selenium version that supports CDP version 142
]]></system-err>
  </testcase>
  <testcase name="testInvalidLogin[wrong_user, wrong_password](2)" classname="SauceDemoTests.LoginPageTests" time="0.73">
    <system-out><![CDATA[01:36:43 INFO  [BotLogger] Test CasetestInvalidLogin  passed
01:36:43 INFO  [BotLogger] Browser is opened
01:36:43 INFO  [BotLogger] Browser closed
01:36:44 INFO  [BotLogger] Browser is opened
01:36:46 INFO  [BotLogger] Browser is opened
01:36:46 INFO  [BotLogger] Test CasetestInvalidLogin  started
01:36:46 INFO  [BotLogger] Typed text: wrong_user into element with locator: By.id: user-name
01:36:46 INFO  [BotLogger] Typed text: wrong_password into element with locator: By.id: password
01:36:46 INFO  [BotLogger] Clicked on: By.id: login-button
]]></system-out>
    <system-err><![CDATA[Dec 09, 2025 1:36:44 AM org.openqa.selenium.devtools.CdpVersionFinder findNearestMatch
WARNING: Unable to find an exact match for CDP version 142, returning the closest version; found: 141; Please update to a Selenium version that supports CDP version 142
]]></system-err>
  </testcase>
  <testcase name="testInvalidLogin[fake_user, fake_pass](3)" classname="SauceDemoTests.LoginPageTests" time="0.948">
    <system-out><![CDATA[01:36:46 INFO  [BotLogger] Test CasetestInvalidLogin  passed
01:36:46 INFO  [BotLogger] Browser is opened
01:36:47 INFO  [BotLogger] Browser closed
01:36:47 INFO  [BotLogger] Browser is opened
01:36:49 INFO  [BotLogger] Browser is opened
01:36:49 INFO  [BotLogger] Test CasetestInvalidLogin  started
01:36:50 INFO  [BotLogger] Typed text: fake_user into element with locator: By.id: user-name
01:36:50 INFO  [BotLogger] Typed text: fake_pass into element with locator: By.id: password
01:36:50 INFO  [BotLogger] Clicked on: By.id: login-button
]]></system-out>
    <system-err><![CDATA[Dec 09, 2025 1:36:47 AM org.openqa.selenium.devtools.CdpVersionFinder findNearestMatch
WARNING: Unable to find an exact match for CDP version 142, returning the closest version; found: 141; Please update to a Selenium version that supports CDP version 142
]]></system-err>
  </testcase>
  <testcase name="testEmptyFields[, secret_sauce](1)" classname="SauceDemoTests.LoginPageTests" time="0.745">
    <system-out><![CDATA[01:36:50 INFO  [BotLogger] Test CasetestInvalidLogin  passed
01:36:50 INFO  [BotLogger] Browser is opened
01:36:51 INFO  [BotLogger] Browser closed
01:36:52 INFO  [BotLogger] Browser is opened
01:36:54 INFO  [BotLogger] Browser is opened
01:36:54 INFO  [BotLogger] Test CasetestEmptyFields  started
01:36:54 INFO  [BotLogger] Typed text:  into element with locator: By.id: user-name
01:36:54 INFO  [BotLogger] Typed text: secret_sauce into element with locator: By.id: password
01:36:54 INFO  [BotLogger] Clicked on: By.id: login-button
]]></system-out>
    <system-err><![CDATA[Dec 09, 2025 1:36:52 AM org.openqa.selenium.devtools.CdpVersionFinder findNearestMatch
WARNING: Unable to find an exact match for CDP version 142, returning the closest version; found: 141; Please update to a Selenium version that supports CDP version 142
]]></system-err>
  </testcase>
  <testcase name="testEmptyFields[standard_user, ](2)" classname="SauceDemoTests.LoginPageTests" time="0.724">
    <system-out><![CDATA[01:36:54 INFO  [BotLogger] Test CasetestEmptyFields  passed
01:36:54 INFO  [BotLogger] Browser is opened
01:36:55 INFO  [BotLogger] Browser closed
01:36:56 INFO  [BotLogger] Browser is opened
01:36:58 INFO  [BotLogger] Browser is opened
01:36:58 INFO  [BotLogger] Test CasetestEmptyFields  started
01:36:58 INFO  [BotLogger] Typed text: standard_user into element with locator: By.id: user-name
01:36:58 INFO  [BotLogger] Typed text:  into element with locator: By.id: password
01:36:58 INFO  [BotLogger] Clicked on: By.id: login-button
]]></system-out>
    <system-err><![CDATA[Dec 09, 2025 1:36:56 AM org.openqa.selenium.devtools.CdpVersionFinder findNearestMatch
WARNING: Unable to find an exact match for CDP version 142, returning the closest version; found: 141; Please update to a Selenium version that supports CDP version 142
]]></system-err>
  </testcase>
  <testcase name="testEmptyFields[, ](3)" classname="SauceDemoTests.LoginPageTests" time="0.64">
    <system-out><![CDATA[01:36:58 INFO  [BotLogger] Test CasetestEmptyFields  passed
01:36:58 INFO  [BotLogger] Browser is opened
01:36:59 INFO  [BotLogger] Browser closed
01:37:00 INFO  [BotLogger] Browser is opened
01:37:02 INFO  [BotLogger] Browser is opened
01:37:02 INFO  [BotLogger] Test CasetestEmptyFields  started
01:37:02 INFO  [BotLogger] Typed text:  into element with locator: By.id: user-name
01:37:02 INFO  [BotLogger] Typed text:  into element with locator: By.id: password
01:37:02 INFO  [BotLogger] Clicked on: By.id: login-button
]]></system-out>
    <system-err><![CDATA[Dec 09, 2025 1:37:00 AM org.openqa.selenium.devtools.CdpVersionFinder findNearestMatch
WARNING: Unable to find an exact match for CDP version 142, returning the closest version; found: 141; Please update to a Selenium version that supports CDP version 142
]]></system-err>
  </testcase>
  <testcase name="testLockedOutUser[locked_out_user, secret_sauce](1)" classname="SauceDemoTests.LoginPageTests" time="0.757">
    <system-out><![CDATA[01:37:03 INFO  [BotLogger] Test CasetestEmptyFields  passed
01:37:03 INFO  [BotLogger] Browser is opened
01:37:03 INFO  [BotLogger] Browser closed
01:37:04 INFO  [BotLogger] Browser is opened
01:37:06 INFO  [BotLogger] Browser is opened
01:37:06 INFO  [BotLogger] Test CasetestLockedOutUser  started
01:37:06 INFO  [BotLogger] Typed text: locked_out_user into element with locator: By.id: user-name
01:37:06 INFO  [BotLogger] Typed text: secret_sauce into element with locator: By.id: password
01:37:06 INFO  [BotLogger] Clicked on: By.id: login-button
]]></system-out>
    <system-err><![CDATA[Dec 09, 2025 1:37:04 AM org.openqa.selenium.devtools.CdpVersionFinder findNearestMatch
WARNING: Unable to find an exact match for CDP version 142, returning the closest version; found: 141; Please update to a Selenium version that supports CDP version 142
]]></system-err>
  </testcase>
  <testcase name="validLoginWithJasonData" classname="SauceDemoTests.LoginPageTests" time="0.465">
    <system-out><![CDATA[01:37:06 INFO  [BotLogger] Test CasetestLockedOutUser  passed
01:37:06 INFO  [BotLogger] Browser is opened
01:37:07 INFO  [BotLogger] Browser closed
01:37:08 INFO  [BotLogger] Browser is opened
01:37:10 INFO  [BotLogger] Browser is opened
01:37:10 INFO  [BotLogger] Test CasevalidLoginWithJasonData  started
01:37:10 INFO  [BotLogger] Typed text: standard_user into element with locator: By.id: user-name
01:37:10 INFO  [BotLogger] Typed text: secret_sauce into element with locator: By.id: password
01:37:10 INFO  [BotLogger] Clicked on: By.id: login-button
]]></system-out>
    <system-err><![CDATA[Dec 09, 2025 1:37:08 AM org.openqa.selenium.devtools.CdpVersionFinder findNearestMatch
WARNING: Unable to find an exact match for CDP version 142, returning the closest version; found: 141; Please update to a Selenium version that supports CDP version 142
]]></system-err>
  </testcase>
  <testcase name="sortingTest[Name (A to Z)](1)" classname="SauceDemoTests.SortingFilterPageTest" time="0.322">
    <system-out><![CDATA[01:37:10 INFO  [BotLogger] Test CasevalidLoginWithJasonData  passed
01:37:10 INFO  [BotLogger] Browser is opened
01:37:11 INFO  [BotLogger] Browser closed
01:37:12 INFO  [BotLogger] Browser is opened
01:37:14 INFO  [BotLogger] Browser is opened
01:37:14 INFO  [BotLogger] Typed text: standard_user into element with locator: By.id: user-name
01:37:14 INFO  [BotLogger] Typed text: secret_sauce into element with locator: By.id: password
01:37:14 INFO  [BotLogger] Clicked on: By.id: login-button
01:37:14 INFO  [BotLogger] Test CasesortingTest  started
]]></system-out>
    <system-err><![CDATA[Dec 09, 2025 1:37:12 AM org.openqa.selenium.devtools.CdpVersionFinder findNearestMatch
WARNING: Unable to find an exact match for CDP version 142, returning the closest version; found: 141; Please update to a Selenium version that supports CDP version 142
]]></system-err>
  </testcase>
  <testcase name="sortingTest[Name (Z to A)](2)" classname="SauceDemoTests.SortingFilterPageTest" time="0.346">
    <system-out><![CDATA[01:37:14 INFO  [BotLogger] Test CasesortingTest  passed
01:37:14 INFO  [BotLogger] Browser is opened
01:37:14 INFO  [BotLogger] Browser closed
01:37:16 INFO  [BotLogger] Browser is opened
01:37:18 INFO  [BotLogger] Browser is opened
01:37:18 INFO  [BotLogger] Typed text: standard_user into element with locator: By.id: user-name
01:37:18 INFO  [BotLogger] Typed text: secret_sauce into element with locator: By.id: password
01:37:18 INFO  [BotLogger] Clicked on: By.id: login-button
01:37:18 INFO  [BotLogger] Test CasesortingTest  started
]]></system-out>
    <system-err><![CDATA[Dec 09, 2025 1:37:16 AM org.openqa.selenium.devtools.CdpVersionFinder findNearestMatch
WARNING: Unable to find an exact match for CDP version 142, returning the closest version; found: 141; Please update to a Selenium version that supports CDP version 142
]]></system-err>
  </testcase>
  <testcase name="sortingTest[Price (low to high)](3)" classname="SauceDemoTests.SortingFilterPageTest" time="0.333">
    <system-out><![CDATA[01:37:18 INFO  [BotLogger] Test CasesortingTest  passed
01:37:18 INFO  [BotLogger] Browser is opened
01:37:19 INFO  [BotLogger] Browser closed
01:37:20 INFO  [BotLogger] Browser is opened
01:37:22 INFO  [BotLogger] Browser is opened
01:37:22 INFO  [BotLogger] Typed text: standard_user into element with locator: By.id: user-name
01:37:22 INFO  [BotLogger] Typed text: secret_sauce into element with locator: By.id: password
01:37:22 INFO  [BotLogger] Clicked on: By.id: login-button
01:37:22 INFO  [BotLogger] Test CasesortingTest  started
]]></system-out>
    <system-err><![CDATA[Dec 09, 2025 1:37:20 AM org.openqa.selenium.devtools.CdpVersionFinder findNearestMatch
WARNING: Unable to find an exact match for CDP version 142, returning the closest version; found: 141; Please update to a Selenium version that supports CDP version 142
]]></system-err>
  </testcase>
  <testcase name="sortingTest[Price (high to low)](4)" classname="SauceDemoTests.SortingFilterPageTest" time="0.35">
    <system-out><![CDATA[01:37:23 INFO  [BotLogger] Test CasesortingTest  passed
01:37:23 INFO  [BotLogger] Browser is opened
01:37:23 INFO  [BotLogger] Browser closed
01:37:24 INFO  [BotLogger] Browser is opened
01:37:26 INFO  [BotLogger] Browser is opened
01:37:26 INFO  [BotLogger] Typed text: standard_user into element with locator: By.id: user-name
01:37:26 INFO  [BotLogger] Typed text: secret_sauce into element with locator: By.id: password
01:37:26 INFO  [BotLogger] Clicked on: By.id: login-button
01:37:26 INFO  [BotLogger] Test CasesortingTest  started
]]></system-out>
    <system-err><![CDATA[Dec 09, 2025 1:37:24 AM org.openqa.selenium.devtools.CdpVersionFinder findNearestMatch
WARNING: Unable to find an exact match for CDP version 142, returning the closest version; found: 141; Please update to a Selenium version that supports CDP version 142
]]></system-err>
  </testcase>
</testsuite>