<?xml version="1.0" encoding="UTF-8"?>
<testng-results ignored="0" total="40" passed="39" failed="1" skipped="0">
  <reporter-output>
  </reporter-output>
  <suite started-at="2025-12-09T01:34:29 EET" name="Surefire suite" finished-at="2025-12-09T01:37:27 EET" duration-ms="178303">
    <groups>
    </groups>
    <test started-at="2025-12-09T01:34:29 EET" name="Surefire test" finished-at="2025-12-09T01:37:27 EET" duration-ms="178303">
      <class name="SauceDemoTests.LoginPageTests">
        <test-method is-config="true" signature="setUp()[pri:0, instance:SauceDemoTests.LoginPageTests@795509d9]" started-at="2025-12-09T01:36:09 EET" name="setUp" finished-at="2025-12-09T01:36:12 EET" duration-ms="2665" status="PASS">
          <reporter-output>
          </reporter-output>
        </test-method> <!-- setUp -->
        <test-method signature="testValidLogin(java.lang.String,java.lang.String)[pri:0, instance:SauceDemoTests.LoginPageTests@795509d9]" started-at="2025-12-09T01:36:12 EET" name="testValidLogin" data-provider="validLoginData" finished-at="2025-12-09T01:36:13 EET" duration-ms="439" status="PASS">
          <params>
            <param index="0">
              <value>
                <![CDATA[standard_user]]>
              </value>
            </param>
            <param index="1">
              <value>
                <![CDATA[secret_sauce]]>
              </value>
            </param>
          </params>
          <reporter-output>
          </reporter-output>
        </test-method> <!-- testValidLogin -->
        <test-method is-config="true" signature="tearDown()[pri:0, instance:SauceDemoTests.LoginPageTests@795509d9]" started-at="2025-12-09T01:36:13 EET" name="tearDown" finished-at="2025-12-09T01:36:13 EET" duration-ms="165" status="PASS">
          <reporter-output>
          </reporter-output>
        </test-method> <!-- tearDown -->
        <test-method is-config="true" signature="setUp()[pri:0, instance:SauceDemoTests.LoginPageTests@795509d9]" started-at="2025-12-09T01:36:13 EET" name="setUp" finished-at="2025-12-09T01:36:15 EET" duration-ms="2720" status="PASS">
          <reporter-output>
          </reporter-output>
        </test-method> <!-- setUp -->
        <test-method signature="testValidLogin(java.lang.String,java.lang.String)[pri:0, instance:SauceDemoTests.LoginPageTests@795509d9]" started-at="2025-12-09T01:36:15 EET" name="testValidLogin" data-provider="validLoginData" finished-at="2025-12-09T01:36:16 EET" duration-ms="429" status="PASS">
          <params>
            <param index="0">
              <value>
                <![CDATA[problem_user]]>
              </value>
            </param>
            <param index="1">
              <value>
                <![CDATA[secret_sauce]]>
              </value>
            </param>
          </params>
          <reporter-output>
          </reporter-output>
        </test-method> <!-- testValidLogin -->
        <test-method is-config="true" signature="tearDown()[pri:0, instance:SauceDemoTests.LoginPageTests@795509d9]" started-at="2025-12-09T01:36:16 EET" name="tearDown" finished-at="2025-12-09T01:36:16 EET" duration-ms="198" status="PASS">
          <reporter-output>
          </reporter-output>
        </test-method> <!-- tearDown -->
        <test-method is-config="true" signature="setUp()[pri:0, instance:SauceDemoTests.LoginPageTests@795509d9]" started-at="2025-12-09T01:36:16 EET" name="setUp" finished-at="2025-12-09T01:36:18 EET" duration-ms="2142" status="PASS">
          <reporter-output>
          </reporter-output>
        </test-method> <!-- setUp -->
        <test-method signature="testValidLogin(java.lang.String,java.lang.String)[pri:0, instance:SauceDemoTests.LoginPageTests@795509d9]" started-at="2025-12-09T01:36:18 EET" name="testValidLogin" data-provider="validLoginData" finished-at="2025-12-09T01:36:24 EET" duration-ms="5492" status="PASS">
          <params>
            <param index="0">
              <value>
                <![CDATA[performance_glitch_user]]>
              </value>
            </param>
            <param index="1">
              <value>
                <![CDATA[secret_sauce]]>
              </value>
            </param>
          </params>
          <reporter-output>
          </reporter-output>
        </test-method> <!-- testValidLogin -->
        <test-method is-config="true" signature="tearDown()[pri:0, instance:SauceDemoTests.LoginPageTests@795509d9]" started-at="2025-12-09T01:36:24 EET" name="tearDown" finished-at="2025-12-09T01:36:24 EET" duration-ms="184" status="PASS">
          <reporter-output>
          </reporter-output>
        </test-method> <!-- tearDown -->
        <test-method is-config="true" signature="setUp()[pri:0, instance:SauceDemoTests.LoginPageTests@795509d9]" started-at="2025-12-09T01:36:24 EET" name="setUp" finished-at="2025-12-09T01:36:27 EET" duration-ms="2749" status="PASS">
          <reporter-output>
          </reporter-output>
        </test-method> <!-- setUp -->
        <test-method signature="testSuccessfulLoginVerifyProductsPage(java.lang.String,java.lang.String)[pri:0, instance:SauceDemoTests.LoginPageTests@795509d9]" started-at="2025-12-09T01:36:27 EET" name="testSuccessfulLoginVerifyProductsPage" data-provider="validLoginData" finished-at="2025-12-09T01:36:27 EET" depends-on-methods="SauceDemoTests.LoginPageTests.testValidLogin" duration-ms="469" status="PASS">
          <params>
            <param index="0">
              <value>
                <![CDATA[standard_user]]>
              </value>
            </param>
            <param index="1">
              <value>
                <![CDATA[secret_sauce]]>
              </value>
            </param>
          </params>
          <reporter-output>
          </reporter-output>
        </test-method> <!-- testSuccessfulLoginVerifyProductsPage -->
        <test-method is-config="true" signature="tearDown()[pri:0, instance:SauceDemoTests.LoginPageTests@795509d9]" started-at="2025-12-09T01:36:27 EET" name="tearDown" finished-at="2025-12-09T01:36:27 EET" duration-ms="211" status="PASS">
          <reporter-output>
          </reporter-output>
        </test-method> <!-- tearDown -->
        <test-method is-config="true" signature="setUp()[pri:0, instance:SauceDemoTests.LoginPageTests@795509d9]" started-at="2025-12-09T01:36:27 EET" name="setUp" finished-at="2025-12-09T01:36:30 EET" duration-ms="2744" status="PASS">
          <reporter-output>
          </reporter-output>
        </test-method> <!-- setUp -->
        <test-method signature="testSuccessfulLoginVerifyProductsPage(java.lang.String,java.lang.String)[pri:0, instance:SauceDemoTests.LoginPageTests@795509d9]" started-at="2025-12-09T01:36:30 EET" name="testSuccessfulLoginVerifyProductsPage" data-provider="validLoginData" finished-at="2025-12-09T01:36:31 EET" depends-on-methods="SauceDemoTests.LoginPageTests.testValidLogin" duration-ms="481" status="PASS">
          <params>
            <param index="0">
              <value>
                <![CDATA[problem_user]]>
              </value>
            </param>
            <param index="1">
              <value>
                <![CDATA[secret_sauce]]>
              </value>
            </param>
          </params>
          <reporter-output>
          </reporter-output>
        </test-method> <!-- testSuccessfulLoginVerifyProductsPage -->
        <test-method is-config="true" signature="tearDown()[pri:0, instance:SauceDemoTests.LoginPageTests@795509d9]" started-at="2025-12-09T01:36:31 EET" name="tearDown" finished-at="2025-12-09T01:36:31 EET" duration-ms="166" status="PASS">
          <reporter-output>
          </reporter-output>
        </test-method> <!-- tearDown -->
        <test-method is-config="true" signature="setUp()[pri:0, instance:SauceDemoTests.LoginPageTests@795509d9]" started-at="2025-12-09T01:36:31 EET" name="setUp" finished-at="2025-12-09T01:36:33 EET" duration-ms="1982" status="PASS">
          <reporter-output>
          </reporter-output>
        </test-method> <!-- setUp -->
        <test-method signature="testSuccessfulLoginVerifyProductsPage(java.lang.String,java.lang.String)[pri:0, instance:SauceDemoTests.LoginPageTests@795509d9]" started-at="2025-12-09T01:36:33 EET" name="testSuccessfulLoginVerifyProductsPage" data-provider="validLoginData" finished-at="2025-12-09T01:36:38 EET" depends-on-methods="SauceDemoTests.LoginPageTests.testValidLogin" duration-ms="5541" status="PASS">
          <params>
            <param index="0">
              <value>
                <![CDATA[performance_glitch_user]]>
              </value>
            </param>
            <param index="1">
              <value>
                <![CDATA[secret_sauce]]>
              </value>
            </param>
          </params>
          <reporter-output>
          </reporter-output>
        </test-method> <!-- testSuccessfulLoginVerifyProductsPage -->
        <test-method is-config="true" signature="tearDown()[pri:0, instance:SauceDemoTests.LoginPageTests@795509d9]" started-at="2025-12-09T01:36:39 EET" name="tearDown" finished-at="2025-12-09T01:36:39 EET" duration-ms="196" status="PASS">
          <reporter-output>
          </reporter-output>
        </test-method> <!-- tearDown -->
        <test-method is-config="true" signature="setUp()[pri:0, instance:SauceDemoTests.LoginPageTests@795509d9]" started-at="2025-12-09T01:36:39 EET" name="setUp" finished-at="2025-12-09T01:36:42 EET" duration-ms="3099" status="PASS">
          <reporter-output>
          </reporter-output>
        </test-method> <!-- setUp -->
        <test-method signature="testInvalidLogin(java.lang.String,java.lang.String)[pri:0, instance:SauceDemoTests.LoginPageTests@795509d9]" started-at="2025-12-09T01:36:42 EET" name="testInvalidLogin" data-provider="invalidLoginData" finished-at="2025-12-09T01:36:43 EET" depends-on-methods="SauceDemoTests.LoginPageTests.testSuccessfulLoginVerifyProductsPage" duration-ms="719" status="PASS">
          <params>
            <param index="0">
              <value>
                <![CDATA[invalid_user]]>
              </value>
            </param>
            <param index="1">
              <value>
                <![CDATA[secret_sauce]]>
              </value>
            </param>
          </params>
          <reporter-output>
          </reporter-output>
        </test-method> <!-- testInvalidLogin -->
        <test-method is-config="true" signature="tearDown()[pri:0, instance:SauceDemoTests.LoginPageTests@795509d9]" started-at="2025-12-09T01:36:43 EET" name="tearDown" finished-at="2025-12-09T01:36:43 EET" duration-ms="199" status="PASS">
          <reporter-output>
          </reporter-output>
        </test-method> <!-- tearDown -->
        <test-method is-config="true" signature="setUp()[pri:0, instance:SauceDemoTests.LoginPageTests@795509d9]" started-at="2025-12-09T01:36:43 EET" name="setUp" finished-at="2025-12-09T01:36:46 EET" duration-ms="2724" status="PASS">
          <reporter-output>
          </reporter-output>
        </test-method> <!-- setUp -->
        <test-method signature="testInvalidLogin(java.lang.String,java.lang.String)[pri:0, instance:SauceDemoTests.LoginPageTests@795509d9]" started-at="2025-12-09T01:36:46 EET" name="testInvalidLogin" data-provider="invalidLoginData" finished-at="2025-12-09T01:36:46 EET" depends-on-methods="SauceDemoTests.LoginPageTests.testSuccessfulLoginVerifyProductsPage" duration-ms="733" status="PASS">
          <params>
            <param index="0">
              <value>
                <![CDATA[wrong_user]]>
              </value>
            </param>
            <param index="1">
              <value>
                <![CDATA[wrong_password]]>
              </value>
            </param>
          </params>
          <reporter-output>
          </reporter-output>
        </test-method> <!-- testInvalidLogin -->
        <test-method is-config="true" signature="tearDown()[pri:0, instance:SauceDemoTests.LoginPageTests@795509d9]" started-at="2025-12-09T01:36:46 EET" name="tearDown" finished-at="2025-12-09T01:36:47 EET" duration-ms="213" status="PASS">
          <reporter-output>
          </reporter-output>
        </test-method> <!-- tearDown -->
        <test-method is-config="true" signature="setUp()[pri:0, instance:SauceDemoTests.LoginPageTests@795509d9]" started-at="2025-12-09T01:36:47 EET" name="setUp" finished-at="2025-12-09T01:36:49 EET" duration-ms="2801" status="PASS">
          <reporter-output>
          </reporter-output>
        </test-method> <!-- setUp -->
        <test-method signature="testInvalidLogin(java.lang.String,java.lang.String)[pri:0, instance:SauceDemoTests.LoginPageTests@795509d9]" started-at="2025-12-09T01:36:49 EET" name="testInvalidLogin" data-provider="invalidLoginData" finished-at="2025-12-09T01:36:50 EET" depends-on-methods="SauceDemoTests.LoginPageTests.testSuccessfulLoginVerifyProductsPage" duration-ms="953" status="PASS">
          <params>
            <param index="0">
              <value>
                <![CDATA[fake_user]]>
              </value>
            </param>
            <param index="1">
              <value>
                <![CDATA[fake_pass]]>
              </value>
            </param>
          </params>
          <reporter-output>
          </reporter-output>
        </test-method> <!-- testInvalidLogin -->
        <test-method is-config="true" signature="tearDown()[pri:0, instance:SauceDemoTests.LoginPageTests@795509d9]" started-at="2025-12-09T01:36:50 EET" name="tearDown" finished-at="2025-12-09T01:36:51 EET" duration-ms="259" status="PASS">
          <reporter-output>
          </reporter-output>
        </test-method> <!-- tearDown -->
        <test-method is-config="true" signature="setUp()[pri:0, instance:SauceDemoTests.LoginPageTests@795509d9]" started-at="2025-12-09T01:36:51 EET" name="setUp" finished-at="2025-12-09T01:36:54 EET" duration-ms="2997" status="PASS">
          <reporter-output>
          </reporter-output>
        </test-method> <!-- setUp -->
        <test-method signature="testEmptyFields(java.lang.String,java.lang.String)[pri:0, instance:SauceDemoTests.LoginPageTests@795509d9]" started-at="2025-12-09T01:36:54 EET" name="testEmptyFields" data-provider="emptyFieldsData" finished-at="2025-12-09T01:36:54 EET" depends-on-methods="SauceDemoTests.LoginPageTests.testInvalidLogin" duration-ms="747" status="PASS">
          <params>
            <param index="0">
              <value>
                <![CDATA[]]>
              </value>
            </param>
            <param index="1">
              <value>
                <![CDATA[secret_sauce]]>
              </value>
            </param>
          </params>
          <reporter-output>
          </reporter-output>
        </test-method> <!-- testEmptyFields -->
        <test-method is-config="true" signature="tearDown()[pri:0, instance:SauceDemoTests.LoginPageTests@795509d9]" started-at="2025-12-09T01:36:54 EET" name="tearDown" finished-at="2025-12-09T01:36:55 EET" duration-ms="278" status="PASS">
          <reporter-output>
          </reporter-output>
        </test-method> <!-- tearDown -->
        <test-method is-config="true" signature="setUp()[pri:0, instance:SauceDemoTests.LoginPageTests@795509d9]" started-at="2025-12-09T01:36:55 EET" name="setUp" finished-at="2025-12-09T01:36:58 EET" duration-ms="3093" status="PASS">
          <reporter-output>
          </reporter-output>
        </test-method> <!-- setUp -->
        <test-method signature="testEmptyFields(java.lang.String,java.lang.String)[pri:0, instance:SauceDemoTests.LoginPageTests@795509d9]" started-at="2025-12-09T01:36:58 EET" name="testEmptyFields" data-provider="emptyFieldsData" finished-at="2025-12-09T01:36:58 EET" depends-on-methods="SauceDemoTests.LoginPageTests.testInvalidLogin" duration-ms="726" status="PASS">
          <params>
            <param index="0">
              <value>
                <![CDATA[standard_user]]>
              </value>
            </param>
            <param index="1">
              <value>
                <![CDATA[]]>
              </value>
            </param>
          </params>
          <reporter-output>
          </reporter-output>
        </test-method> <!-- testEmptyFields -->
        <test-method is-config="true" signature="tearDown()[pri:0, instance:SauceDemoTests.LoginPageTests@795509d9]" started-at="2025-12-09T01:36:58 EET" name="tearDown" finished-at="2025-12-09T01:36:59 EET" duration-ms="200" status="PASS">
          <reporter-output>
          </reporter-output>
        </test-method> <!-- tearDown -->
        <test-method is-config="true" signature="setUp()[pri:0, instance:SauceDemoTests.LoginPageTests@795509d9]" started-at="2025-12-09T01:36:59 EET" name="setUp" finished-at="2025-12-09T01:37:02 EET" duration-ms="3271" status="PASS">
          <reporter-output>
          </reporter-output>
        </test-method> <!-- setUp -->
        <test-method signature="testEmptyFields(java.lang.String,java.lang.String)[pri:0, instance:SauceDemoTests.LoginPageTests@795509d9]" started-at="2025-12-09T01:37:02 EET" name="testEmptyFields" data-provider="emptyFieldsData" finished-at="2025-12-09T01:37:03 EET" depends-on-methods="SauceDemoTests.LoginPageTests.testInvalidLogin" duration-ms="643" status="PASS">
          <params>
            <param index="0">
              <value>
                <![CDATA[]]>
              </value>
            </param>
            <param index="1">
              <value>
                <![CDATA[]]>
              </value>
            </param>
          </params>
          <reporter-output>
          </reporter-output>
        </test-method> <!-- testEmptyFields -->
        <test-method is-config="true" signature="tearDown()[pri:0, instance:SauceDemoTests.LoginPageTests@795509d9]" started-at="2025-12-09T01:37:03 EET" name="tearDown" finished-at="2025-12-09T01:37:03 EET" duration-ms="218" status="PASS">
          <reporter-output>
          </reporter-output>
        </test-method> <!-- tearDown -->
        <test-method is-config="true" signature="setUp()[pri:0, instance:SauceDemoTests.LoginPageTests@795509d9]" started-at="2025-12-09T01:37:03 EET" name="setUp" finished-at="2025-12-09T01:37:06 EET" duration-ms="2906" status="PASS">
          <reporter-output>
          </reporter-output>
        </test-method> <!-- setUp -->
        <test-method signature="testLockedOutUser(java.lang.String,java.lang.String)[pri:0, instance:SauceDemoTests.LoginPageTests@795509d9]" started-at="2025-12-09T01:37:06 EET" name="testLockedOutUser" data-provider="lockedUserData" finished-at="2025-12-09T01:37:06 EET" depends-on-methods="SauceDemoTests.LoginPageTests.testEmptyFields" duration-ms="760" status="PASS">
          <params>
            <param index="0">
              <value>
                <![CDATA[locked_out_user]]>
              </value>
            </param>
            <param index="1">
              <value>
                <![CDATA[secret_sauce]]>
              </value>
            </param>
          </params>
          <reporter-output>
          </reporter-output>
        </test-method> <!-- testLockedOutUser -->
        <test-method is-config="true" signature="tearDown()[pri:0, instance:SauceDemoTests.LoginPageTests@795509d9]" started-at="2025-12-09T01:37:06 EET" name="tearDown" finished-at="2025-12-09T01:37:07 EET" duration-ms="224" status="PASS">
          <reporter-output>
          </reporter-output>
        </test-method> <!-- tearDown -->
        <test-method is-config="true" signature="setUp()[pri:0, instance:SauceDemoTests.LoginPageTests@795509d9]" started-at="2025-12-09T01:37:07 EET" name="setUp" finished-at="2025-12-09T01:37:10 EET" duration-ms="3377" status="PASS">
          <reporter-output>
          </reporter-output>
        </test-method> <!-- setUp -->
        <test-method signature="validLoginWithJasonData()[pri:0, instance:SauceDemoTests.LoginPageTests@795509d9]" started-at="2025-12-09T01:37:10 EET" name="validLoginWithJasonData" finished-at="2025-12-09T01:37:10 EET" duration-ms="466" status="PASS">
          <reporter-output>
          </reporter-output>
        </test-method> <!-- validLoginWithJasonData -->
        <test-method is-config="true" signature="tearDown()[pri:0, instance:SauceDemoTests.LoginPageTests@795509d9]" started-at="2025-12-09T01:37:10 EET" name="tearDown" finished-at="2025-12-09T01:37:11 EET" duration-ms="162" status="PASS">
          <reporter-output>
          </reporter-output>
        </test-method> <!-- tearDown -->
      </class> <!-- SauceDemoTests.LoginPageTests -->
      <class name="SauceDemoTests.EndToEndTest">
        <test-method is-config="true" signature="setUp()[pri:0, instance:SauceDemoTests.EndToEndTest@74e28667]" started-at="2025-12-09T01:35:15 EET" name="setUp" finished-at="2025-12-09T01:35:18 EET" duration-ms="2967" status="PASS">
          <reporter-output>
          </reporter-output>
        </test-method> <!-- setUp -->
        <test-method signature="invalidEndToEndPurchaseFlow1()[pri:0, instance:SauceDemoTests.EndToEndTest@74e28667]" started-at="2025-12-09T01:35:18 EET" name="invalidEndToEndPurchaseFlow1" finished-at="2025-12-09T01:35:20 EET" duration-ms="1396" status="PASS">
          <reporter-output>
          </reporter-output>
        </test-method> <!-- invalidEndToEndPurchaseFlow1 -->
        <test-method is-config="true" signature="tearDown()[pri:0, instance:SauceDemoTests.EndToEndTest@74e28667]" started-at="2025-12-09T01:35:20 EET" name="tearDown" finished-at="2025-12-09T01:35:20 EET" duration-ms="195" status="PASS">
          <reporter-output>
          </reporter-output>
        </test-method> <!-- tearDown -->
        <test-method is-config="true" signature="setUp()[pri:0, instance:SauceDemoTests.EndToEndTest@74e28667]" started-at="2025-12-09T01:35:20 EET" name="setUp" finished-at="2025-12-09T01:35:23 EET" duration-ms="2832" status="PASS">
          <reporter-output>
          </reporter-output>
        </test-method> <!-- setUp -->
        <test-method signature="invalidEndToEndPurchaseFlow2()[pri:0, instance:SauceDemoTests.EndToEndTest@74e28667]" started-at="2025-12-09T01:35:23 EET" name="invalidEndToEndPurchaseFlow2" finished-at="2025-12-09T01:35:24 EET" duration-ms="1373" status="PASS">
          <reporter-output>
          </reporter-output>
        </test-method> <!-- invalidEndToEndPurchaseFlow2 -->
        <test-method is-config="true" signature="tearDown()[pri:0, instance:SauceDemoTests.EndToEndTest@74e28667]" started-at="2025-12-09T01:35:24 EET" name="tearDown" finished-at="2025-12-09T01:35:24 EET" duration-ms="208" status="PASS">
          <reporter-output>
          </reporter-output>
        </test-method> <!-- tearDown -->
        <test-method is-config="true" signature="setUp()[pri:0, instance:SauceDemoTests.EndToEndTest@74e28667]" started-at="2025-12-09T01:35:24 EET" name="setUp" finished-at="2025-12-09T01:35:28 EET" duration-ms="3894" status="PASS">
          <reporter-output>
          </reporter-output>
        </test-method> <!-- setUp -->
        <test-method signature="invalidEndToEndPurchaseFlow3()[pri:0, instance:SauceDemoTests.EndToEndTest@74e28667]" started-at="2025-12-09T01:35:28 EET" name="invalidEndToEndPurchaseFlow3" finished-at="2025-12-09T01:35:30 EET" duration-ms="1442" status="PASS">
          <reporter-output>
          </reporter-output>
        </test-method> <!-- invalidEndToEndPurchaseFlow3 -->
        <test-method is-config="true" signature="tearDown()[pri:0, instance:SauceDemoTests.EndToEndTest@74e28667]" started-at="2025-12-09T01:35:30 EET" name="tearDown" finished-at="2025-12-09T01:35:30 EET" duration-ms="209" status="PASS">
          <reporter-output>
          </reporter-output>
        </test-method> <!-- tearDown -->
        <test-method is-config="true" signature="setUp()[pri:0, instance:SauceDemoTests.EndToEndTest@74e28667]" started-at="2025-12-09T01:35:30 EET" name="setUp" finished-at="2025-12-09T01:35:33 EET" duration-ms="2784" status="PASS">
          <reporter-output>
          </reporter-output>
        </test-method> <!-- setUp -->
        <test-method signature="invalidEndToEndPurchaseFlow4()[pri:0, instance:SauceDemoTests.EndToEndTest@74e28667]" started-at="2025-12-09T01:35:33 EET" name="invalidEndToEndPurchaseFlow4" finished-at="2025-12-09T01:35:34 EET" duration-ms="1430" status="PASS">
          <reporter-output>
          </reporter-output>
        </test-method> <!-- invalidEndToEndPurchaseFlow4 -->
        <test-method is-config="true" signature="tearDown()[pri:0, instance:SauceDemoTests.EndToEndTest@74e28667]" started-at="2025-12-09T01:35:34 EET" name="tearDown" finished-at="2025-12-09T01:35:34 EET" duration-ms="204" status="PASS">
          <reporter-output>
          </reporter-output>
        </test-method> <!-- tearDown -->
        <test-method is-config="true" signature="setUp()[pri:0, instance:SauceDemoTests.EndToEndTest@74e28667]" started-at="2025-12-09T01:35:34 EET" name="setUp" finished-at="2025-12-09T01:35:37 EET" duration-ms="2731" status="PASS">
          <reporter-output>
          </reporter-output>
        </test-method> <!-- setUp -->
        <test-method signature="invalidEndToEndPurchaseFlow5()[pri:0, instance:SauceDemoTests.EndToEndTest@74e28667]" started-at="2025-12-09T01:35:37 EET" name="invalidEndToEndPurchaseFlow5" finished-at="2025-12-09T01:35:38 EET" duration-ms="1512" status="PASS">
          <reporter-output>
          </reporter-output>
        </test-method> <!-- invalidEndToEndPurchaseFlow5 -->
        <test-method is-config="true" signature="tearDown()[pri:0, instance:SauceDemoTests.EndToEndTest@74e28667]" started-at="2025-12-09T01:35:38 EET" name="tearDown" finished-at="2025-12-09T01:35:39 EET" duration-ms="190" status="PASS">
          <reporter-output>
          </reporter-output>
        </test-method> <!-- tearDown -->
        <test-method is-config="true" signature="setUp()[pri:0, instance:SauceDemoTests.EndToEndTest@74e28667]" started-at="2025-12-09T01:35:39 EET" name="setUp" finished-at="2025-12-09T01:35:42 EET" duration-ms="2939" status="PASS">
          <reporter-output>
          </reporter-output>
        </test-method> <!-- setUp -->
        <test-method signature="invalidEndToEndPurchaseFlow6()[pri:0, instance:SauceDemoTests.EndToEndTest@74e28667]" started-at="2025-12-09T01:35:42 EET" name="invalidEndToEndPurchaseFlow6" finished-at="2025-12-09T01:35:43 EET" duration-ms="1517" status="PASS">
          <reporter-output>
          </reporter-output>
        </test-method> <!-- invalidEndToEndPurchaseFlow6 -->
        <test-method is-config="true" signature="tearDown()[pri:0, instance:SauceDemoTests.EndToEndTest@74e28667]" started-at="2025-12-09T01:35:43 EET" name="tearDown" finished-at="2025-12-09T01:35:43 EET" duration-ms="196" status="PASS">
          <reporter-output>
          </reporter-output>
        </test-method> <!-- tearDown -->
        <test-method is-config="true" signature="setUp()[pri:0, instance:SauceDemoTests.EndToEndTest@74e28667]" started-at="2025-12-09T01:35:43 EET" name="setUp" finished-at="2025-12-09T01:35:46 EET" duration-ms="2763" status="PASS">
          <reporter-output>
          </reporter-output>
        </test-method> <!-- setUp -->
        <test-method signature="validEndToEndPurchaseFlow1()[pri:0, instance:SauceDemoTests.EndToEndTest@74e28667]" started-at="2025-12-09T01:35:46 EET" name="validEndToEndPurchaseFlow1" finished-at="2025-12-09T01:35:48 EET" duration-ms="2467" status="PASS">
          <reporter-output>
          </reporter-output>
        </test-method> <!-- validEndToEndPurchaseFlow1 -->
        <test-method is-config="true" signature="tearDown()[pri:0, instance:SauceDemoTests.EndToEndTest@74e28667]" started-at="2025-12-09T01:35:48 EET" name="tearDown" finished-at="2025-12-09T01:35:49 EET" duration-ms="217" status="PASS">
          <reporter-output>
          </reporter-output>
        </test-method> <!-- tearDown -->
        <test-method is-config="true" signature="setUp()[pri:0, instance:SauceDemoTests.EndToEndTest@74e28667]" started-at="2025-12-09T01:35:49 EET" name="setUp" finished-at="2025-12-09T01:35:52 EET" duration-ms="2921" status="PASS">
          <reporter-output>
          </reporter-output>
        </test-method> <!-- setUp -->
        <test-method signature="validEndToEndPurchaseFlow2()[pri:0, instance:SauceDemoTests.EndToEndTest@74e28667]" started-at="2025-12-09T01:35:52 EET" name="validEndToEndPurchaseFlow2" finished-at="2025-12-09T01:35:53 EET" duration-ms="1650" status="PASS">
          <reporter-output>
          </reporter-output>
        </test-method> <!-- validEndToEndPurchaseFlow2 -->
        <test-method is-config="true" signature="tearDown()[pri:0, instance:SauceDemoTests.EndToEndTest@74e28667]" started-at="2025-12-09T01:35:53 EET" name="tearDown" finished-at="2025-12-09T01:35:54 EET" duration-ms="235" status="PASS">
          <reporter-output>
          </reporter-output>
        </test-method> <!-- tearDown -->
      </class> <!-- SauceDemoTests.EndToEndTest -->
      <class name="SauceDemoTests.SortingFilterPageTest">
        <test-method is-config="true" signature="setUp()[pri:0, instance:SauceDemoTests.SortingFilterPageTest@53045c6c]" started-at="2025-12-09T01:37:11 EET" name="setUp" finished-at="2025-12-09T01:37:14 EET" duration-ms="2909" status="PASS">
          <reporter-output>
          </reporter-output>
        </test-method> <!-- setUp -->
        <test-method is-config="true" signature="setup()[pri:0, instance:SauceDemoTests.SortingFilterPageTest@53045c6c]" started-at="2025-12-09T01:37:14 EET" name="setup" finished-at="2025-12-09T01:37:14 EET" duration-ms="414" status="PASS">
          <reporter-output>
          </reporter-output>
        </test-method> <!-- setup -->
        <test-method signature="sortingTest(java.lang.String)[pri:0, instance:SauceDemoTests.SortingFilterPageTest@53045c6c]" started-at="2025-12-09T01:37:14 EET" name="sortingTest" data-provider="sortOptions" finished-at="2025-12-09T01:37:14 EET" duration-ms="324" status="PASS">
          <params>
            <param index="0">
              <value>
                <![CDATA[Name (A to Z)]]>
              </value>
            </param>
          </params>
          <reporter-output>
          </reporter-output>
        </test-method> <!-- sortingTest -->
        <test-method is-config="true" signature="tearDown()[pri:0, instance:SauceDemoTests.SortingFilterPageTest@53045c6c]" started-at="2025-12-09T01:37:14 EET" name="tearDown" finished-at="2025-12-09T01:37:14 EET" duration-ms="180" status="PASS">
          <reporter-output>
          </reporter-output>
        </test-method> <!-- tearDown -->
        <test-method is-config="true" signature="setUp()[pri:0, instance:SauceDemoTests.SortingFilterPageTest@53045c6c]" started-at="2025-12-09T01:37:14 EET" name="setUp" finished-at="2025-12-09T01:37:18 EET" duration-ms="3034" status="PASS">
          <reporter-output>
          </reporter-output>
        </test-method> <!-- setUp -->
        <test-method is-config="true" signature="setup()[pri:0, instance:SauceDemoTests.SortingFilterPageTest@53045c6c]" started-at="2025-12-09T01:37:18 EET" name="setup" finished-at="2025-12-09T01:37:18 EET" duration-ms="527" status="PASS">
          <reporter-output>
          </reporter-output>
        </test-method> <!-- setup -->
        <test-method signature="sortingTest(java.lang.String)[pri:0, instance:SauceDemoTests.SortingFilterPageTest@53045c6c]" started-at="2025-12-09T01:37:18 EET" name="sortingTest" data-provider="sortOptions" finished-at="2025-12-09T01:37:18 EET" duration-ms="349" status="PASS">
          <params>
            <param index="0">
              <value>
                <![CDATA[Name (Z to A)]]>
              </value>
            </param>
          </params>
          <reporter-output>
          </reporter-output>
        </test-method> <!-- sortingTest -->
        <test-method is-config="true" signature="tearDown()[pri:0, instance:SauceDemoTests.SortingFilterPageTest@53045c6c]" started-at="2025-12-09T01:37:18 EET" name="tearDown" finished-at="2025-12-09T01:37:19 EET" duration-ms="194" status="PASS">
          <reporter-output>
          </reporter-output>
        </test-method> <!-- tearDown -->
        <test-method is-config="true" signature="setUp()[pri:0, instance:SauceDemoTests.SortingFilterPageTest@53045c6c]" started-at="2025-12-09T01:37:19 EET" name="setUp" finished-at="2025-12-09T01:37:22 EET" duration-ms="2939" status="PASS">
          <reporter-output>
          </reporter-output>
        </test-method> <!-- setUp -->
        <test-method is-config="true" signature="setup()[pri:0, instance:SauceDemoTests.SortingFilterPageTest@53045c6c]" started-at="2025-12-09T01:37:22 EET" name="setup" finished-at="2025-12-09T01:37:22 EET" duration-ms="501" status="PASS">
          <reporter-output>
          </reporter-output>
        </test-method> <!-- setup -->
        <test-method signature="sortingTest(java.lang.String)[pri:0, instance:SauceDemoTests.SortingFilterPageTest@53045c6c]" started-at="2025-12-09T01:37:22 EET" name="sortingTest" data-provider="sortOptions" finished-at="2025-12-09T01:37:23 EET" duration-ms="336" status="PASS">
          <params>
            <param index="0">
              <value>
                <![CDATA[Price (low to high)]]>
              </value>
            </param>
          </params>
          <reporter-output>
          </reporter-output>
        </test-method> <!-- sortingTest -->
        <test-method is-config="true" signature="tearDown()[pri:0, instance:SauceDemoTests.SortingFilterPageTest@53045c6c]" started-at="2025-12-09T01:37:23 EET" name="tearDown" finished-at="2025-12-09T01:37:23 EET" duration-ms="177" status="PASS">
          <reporter-output>
          </reporter-output>
        </test-method> <!-- tearDown -->
        <test-method is-config="true" signature="setUp()[pri:0, instance:SauceDemoTests.SortingFilterPageTest@53045c6c]" started-at="2025-12-09T01:37:23 EET" name="setUp" finished-at="2025-12-09T01:37:26 EET" duration-ms="2925" status="PASS">
          <reporter-output>
          </reporter-output>
        </test-method> <!-- setUp -->
        <test-method is-config="true" signature="setup()[pri:0, instance:SauceDemoTests.SortingFilterPageTest@53045c6c]" started-at="2025-12-09T01:37:26 EET" name="setup" finished-at="2025-12-09T01:37:26 EET" duration-ms="571" status="PASS">
          <reporter-output>
          </reporter-output>
        </test-method> <!-- setup -->
        <test-method signature="sortingTest(java.lang.String)[pri:0, instance:SauceDemoTests.SortingFilterPageTest@53045c6c]" started-at="2025-12-09T01:37:26 EET" name="sortingTest" data-provider="sortOptions" finished-at="2025-12-09T01:37:27 EET" duration-ms="354" status="PASS">
          <params>
            <param index="0">
              <value>
                <![CDATA[Price (high to low)]]>
              </value>
            </param>
          </params>
          <reporter-output>
          </reporter-output>
        </test-method> <!-- sortingTest -->
        <test-method is-config="true" signature="tearDown()[pri:0, instance:SauceDemoTests.SortingFilterPageTest@53045c6c]" started-at="2025-12-09T01:37:27 EET" name="tearDown" finished-at="2025-12-09T01:37:27 EET" duration-ms="187" status="PASS">
          <reporter-output>
          </reporter-output>
        </test-method> <!-- tearDown -->
      </class> <!-- SauceDemoTests.SortingFilterPageTest -->
      <class name="SauceDemoTests.HomePageTest">
        <test-method is-config="true" signature="setUp()[pri:0, instance:SauceDemoTests.HomePageTest@1cf6d1be]" started-at="2025-12-09T01:35:54 EET" name="setUp" finished-at="2025-12-09T01:35:56 EET" duration-ms="2748" status="PASS">
          <reporter-output>
          </reporter-output>
        </test-method> <!-- setUp -->
        <test-method is-config="true" signature="setUpHomePage()[pri:0, instance:SauceDemoTests.HomePageTest@1cf6d1be]" started-at="2025-12-09T01:35:56 EET" name="setUpHomePage" finished-at="2025-12-09T01:35:57 EET" duration-ms="484" status="PASS">
          <reporter-output>
          </reporter-output>
        </test-method> <!-- setUpHomePage -->
        <test-method signature="Home_Tc1_scrollAndCheckBadge()[pri:0, instance:SauceDemoTests.HomePageTest@1cf6d1be]" started-at="2025-12-09T01:35:57 EET" name="Home_Tc1_scrollAndCheckBadge" finished-at="2025-12-09T01:35:57 EET" duration-ms="612" status="PASS">
          <reporter-output>
          </reporter-output>
        </test-method> <!-- Home_Tc1_scrollAndCheckBadge -->
        <test-method is-config="true" signature="tearDown()[pri:0, instance:SauceDemoTests.HomePageTest@1cf6d1be]" started-at="2025-12-09T01:35:57 EET" name="tearDown" finished-at="2025-12-09T01:35:58 EET" duration-ms="207" status="PASS">
          <reporter-output>
          </reporter-output>
        </test-method> <!-- tearDown -->
        <test-method is-config="true" signature="setUp()[pri:0, instance:SauceDemoTests.HomePageTest@1cf6d1be]" started-at="2025-12-09T01:35:58 EET" name="setUp" finished-at="2025-12-09T01:36:01 EET" duration-ms="2930" status="PASS">
          <reporter-output>
          </reporter-output>
        </test-method> <!-- setUp -->
        <test-method is-config="true" signature="setUpHomePage()[pri:0, instance:SauceDemoTests.HomePageTest@1cf6d1be]" started-at="2025-12-09T01:36:01 EET" name="setUpHomePage" finished-at="2025-12-09T01:36:01 EET" duration-ms="496" status="PASS">
          <reporter-output>
          </reporter-output>
        </test-method> <!-- setUpHomePage -->
        <test-method signature="Home_Tc2_testOpenMenu()[pri:0, instance:SauceDemoTests.HomePageTest@1cf6d1be]" started-at="2025-12-09T01:36:01 EET" name="Home_Tc2_testOpenMenu" finished-at="2025-12-09T01:36:01 EET" duration-ms="126" status="PASS">
          <reporter-output>
          </reporter-output>
        </test-method> <!-- Home_Tc2_testOpenMenu -->
        <test-method is-config="true" signature="tearDown()[pri:0, instance:SauceDemoTests.HomePageTest@1cf6d1be]" started-at="2025-12-09T01:36:01 EET" name="tearDown" finished-at="2025-12-09T01:36:01 EET" duration-ms="204" status="PASS">
          <reporter-output>
          </reporter-output>
        </test-method> <!-- tearDown -->
        <test-method is-config="true" signature="setUp()[pri:0, instance:SauceDemoTests.HomePageTest@1cf6d1be]" started-at="2025-12-09T01:36:01 EET" name="setUp" finished-at="2025-12-09T01:36:04 EET" duration-ms="2806" status="PASS">
          <reporter-output>
          </reporter-output>
        </test-method> <!-- setUp -->
        <test-method is-config="true" signature="setUpHomePage()[pri:0, instance:SauceDemoTests.HomePageTest@1cf6d1be]" started-at="2025-12-09T01:36:04 EET" name="setUpHomePage" finished-at="2025-12-09T01:36:05 EET" duration-ms="427" status="PASS">
          <reporter-output>
          </reporter-output>
        </test-method> <!-- setUpHomePage -->
        <test-method signature="Home_Tc3_addMultipleProducts()[pri:0, instance:SauceDemoTests.HomePageTest@1cf6d1be]" started-at="2025-12-09T01:36:05 EET" name="Home_Tc3_addMultipleProducts" finished-at="2025-12-09T01:36:05 EET" duration-ms="612" status="PASS">
          <reporter-output>
          </reporter-output>
        </test-method> <!-- Home_Tc3_addMultipleProducts -->
        <test-method is-config="true" signature="tearDown()[pri:0, instance:SauceDemoTests.HomePageTest@1cf6d1be]" started-at="2025-12-09T01:36:05 EET" name="tearDown" finished-at="2025-12-09T01:36:05 EET" duration-ms="244" status="PASS">
          <reporter-output>
          </reporter-output>
        </test-method> <!-- tearDown -->
        <test-method is-config="true" signature="setUp()[pri:0, instance:SauceDemoTests.HomePageTest@1cf6d1be]" started-at="2025-12-09T01:36:05 EET" name="setUp" finished-at="2025-12-09T01:36:08 EET" duration-ms="2717" status="PASS">
          <reporter-output>
          </reporter-output>
        </test-method> <!-- setUp -->
        <test-method is-config="true" signature="setUpHomePage()[pri:0, instance:SauceDemoTests.HomePageTest@1cf6d1be]" started-at="2025-12-09T01:36:08 EET" name="setUpHomePage" finished-at="2025-12-09T01:36:09 EET" duration-ms="496" status="PASS">
          <reporter-output>
          </reporter-output>
        </test-method> <!-- setUpHomePage -->
        <test-method signature="Home_Tc4_removeProducts()[pri:0, instance:SauceDemoTests.HomePageTest@1cf6d1be]" started-at="2025-12-09T01:36:09 EET" name="Home_Tc4_removeProducts" finished-at="2025-12-09T01:36:09 EET" duration-ms="559" status="PASS">
          <reporter-output>
          </reporter-output>
        </test-method> <!-- Home_Tc4_removeProducts -->
        <test-method is-config="true" signature="tearDown()[pri:0, instance:SauceDemoTests.HomePageTest@1cf6d1be]" started-at="2025-12-09T01:36:09 EET" name="tearDown" finished-at="2025-12-09T01:36:09 EET" duration-ms="207" status="PASS">
          <reporter-output>
          </reporter-output>
        </test-method> <!-- tearDown -->
      </class> <!-- SauceDemoTests.HomePageTest -->
      <class name="SauceDemoTests.CheckoutPageTests">
        <test-method is-config="true" signature="setUp()[pri:0, instance:SauceDemoTests.CheckoutPageTests@7161d8d1]" started-at="2025-12-09T01:35:01 EET" name="setUp" finished-at="2025-12-09T01:35:04 EET" duration-ms="3152" status="PASS">
          <reporter-output>
          </reporter-output>
        </test-method> <!-- setUp -->
        <test-method is-config="true" signature="setUpCheckout()[pri:0, instance:SauceDemoTests.CheckoutPageTests@7161d8d1]" started-at="2025-12-09T01:35:04 EET" name="setUpCheckout" finished-at="2025-12-09T01:35:05 EET" duration-ms="923" status="PASS">
          <reporter-output>
          </reporter-output>
        </test-method> <!-- setUpCheckout -->
        <test-method signature="testCheckoutWithEmptyFirstName(java.lang.String,java.lang.String,java.lang.String)[pri:0, instance:SauceDemoTests.CheckoutPageTests@7161d8d1]" started-at="2025-12-09T01:35:05 EET" name="testCheckoutWithEmptyFirstName" data-provider="checkoutEmptyFirstName" finished-at="2025-12-09T01:35:06 EET" duration-ms="783" status="PASS">
          <params>
            <param index="0">
              <value>
                <![CDATA[]]>
              </value>
            </param>
            <param index="1">
              <value>
                <![CDATA[Project]]>
              </value>
            </param>
            <param index="2">
              <value>
                <![CDATA[201]]>
              </value>
            </param>
          </params>
          <reporter-output>
          </reporter-output>
        </test-method> <!-- testCheckoutWithEmptyFirstName -->
        <test-method is-config="true" signature="tearDown()[pri:0, instance:SauceDemoTests.CheckoutPageTests@7161d8d1]" started-at="2025-12-09T01:35:06 EET" name="tearDown" finished-at="2025-12-09T01:35:06 EET" duration-ms="214" status="PASS">
          <reporter-output>
          </reporter-output>
        </test-method> <!-- tearDown -->
        <test-method is-config="true" signature="setUp()[pri:0, instance:SauceDemoTests.CheckoutPageTests@7161d8d1]" started-at="2025-12-09T01:35:06 EET" name="setUp" finished-at="2025-12-09T01:35:09 EET" duration-ms="2788" status="PASS">
          <reporter-output>
          </reporter-output>
        </test-method> <!-- setUp -->
        <test-method is-config="true" signature="setUpCheckout()[pri:0, instance:SauceDemoTests.CheckoutPageTests@7161d8d1]" started-at="2025-12-09T01:35:09 EET" name="setUpCheckout" finished-at="2025-12-09T01:35:10 EET" duration-ms="837" status="PASS">
          <reporter-output>
          </reporter-output>
        </test-method> <!-- setUpCheckout -->
        <test-method signature="testCheckoutWithEmptyZip(java.lang.String,java.lang.String,java.lang.String)[pri:0, instance:SauceDemoTests.CheckoutPageTests@7161d8d1]" started-at="2025-12-09T01:35:10 EET" name="testCheckoutWithEmptyZip" data-provider="checkoutEmptyZip" finished-at="2025-12-09T01:35:11 EET" duration-ms="769" status="PASS">
          <params>
            <param index="0">
              <value>
                <![CDATA[Group]]>
              </value>
            </param>
            <param index="1">
              <value>
                <![CDATA[Project]]>
              </value>
            </param>
            <param index="2">
              <value>
                <![CDATA[]]>
              </value>
            </param>
          </params>
          <reporter-output>
          </reporter-output>
        </test-method> <!-- testCheckoutWithEmptyZip -->
        <test-method is-config="true" signature="tearDown()[pri:0, instance:SauceDemoTests.CheckoutPageTests@7161d8d1]" started-at="2025-12-09T01:35:11 EET" name="tearDown" finished-at="2025-12-09T01:35:11 EET" duration-ms="191" status="PASS">
          <reporter-output>
          </reporter-output>
        </test-method> <!-- tearDown -->
        <test-method is-config="true" signature="setUp()[pri:0, instance:SauceDemoTests.CheckoutPageTests@7161d8d1]" started-at="2025-12-09T01:35:11 EET" name="setUp" finished-at="2025-12-09T01:35:14 EET" duration-ms="2758" status="PASS">
          <reporter-output>
          </reporter-output>
        </test-method> <!-- setUp -->
        <test-method is-config="true" signature="setUpCheckout()[pri:0, instance:SauceDemoTests.CheckoutPageTests@7161d8d1]" started-at="2025-12-09T01:35:14 EET" name="setUpCheckout" finished-at="2025-12-09T01:35:15 EET" duration-ms="902" status="PASS">
          <reporter-output>
          </reporter-output>
        </test-method> <!-- setUpCheckout -->
        <test-method signature="testCheckoutWithValidData(java.lang.String,java.lang.String,java.lang.String)[pri:0, instance:SauceDemoTests.CheckoutPageTests@7161d8d1]" started-at="2025-12-09T01:35:15 EET" name="testCheckoutWithValidData" data-provider="checkoutValidData" finished-at="2025-12-09T01:35:15 EET" duration-ms="467" status="PASS">
          <params>
            <param index="0">
              <value>
                <![CDATA[Group]]>
              </value>
            </param>
            <param index="1">
              <value>
                <![CDATA[Project]]>
              </value>
            </param>
            <param index="2">
              <value>
                <![CDATA[201]]>
              </value>
            </param>
          </params>
          <reporter-output>
          </reporter-output>
        </test-method> <!-- testCheckoutWithValidData -->
        <test-method is-config="true" signature="tearDown()[pri:0, instance:SauceDemoTests.CheckoutPageTests@7161d8d1]" started-at="2025-12-09T01:35:15 EET" name="tearDown" finished-at="2025-12-09T01:35:15 EET" duration-ms="205" status="PASS">
          <reporter-output>
          </reporter-output>
        </test-method> <!-- tearDown -->
      </class> <!-- SauceDemoTests.CheckoutPageTests -->
      <class name="SauceDemoTests.CheckoutConfirmationPageTests">
        <test-method is-config="true" signature="setUp()[pri:0, instance:SauceDemoTests.CheckoutConfirmationPageTests@74d1dc36]" started-at="2025-12-09T01:34:47 EET" name="setUp" finished-at="2025-12-09T01:34:50 EET" duration-ms="2843" status="PASS">
          <reporter-output>
          </reporter-output>
        </test-method> <!-- setUp -->
        <test-method is-config="true" signature="setUpConfirmation()[pri:0, instance:SauceDemoTests.CheckoutConfirmationPageTests@74d1dc36]" started-at="2025-12-09T01:34:50 EET" name="setUpConfirmation" finished-at="2025-12-09T01:34:51 EET" duration-ms="632" status="PASS">
          <reporter-output>
          </reporter-output>
        </test-method> <!-- setUpConfirmation -->
        <test-method signature="Confirmation_TC1_finishOrderWithItems(java.lang.String,java.lang.String,java.lang.String)[pri:0, instance:SauceDemoTests.CheckoutConfirmationPageTests@74d1dc36]" started-at="2025-12-09T01:34:51 EET" name="Confirmation_TC1_finishOrderWithItems" data-provider="checkoutValidData" finished-at="2025-12-09T01:34:52 EET" duration-ms="1170" status="PASS">
          <params>
            <param index="0">
              <value>
                <![CDATA[Group]]>
              </value>
            </param>
            <param index="1">
              <value>
                <![CDATA[Project]]>
              </value>
            </param>
            <param index="2">
              <value>
                <![CDATA[201]]>
              </value>
            </param>
          </params>
          <reporter-output>
          </reporter-output>
        </test-method> <!-- Confirmation_TC1_finishOrderWithItems -->
        <test-method is-config="true" signature="tearDown()[pri:0, instance:SauceDemoTests.CheckoutConfirmationPageTests@74d1dc36]" started-at="2025-12-09T01:34:52 EET" name="tearDown" finished-at="2025-12-09T01:34:52 EET" duration-ms="182" status="PASS">
          <reporter-output>
          </reporter-output>
        </test-method> <!-- tearDown -->
        <test-method is-config="true" signature="setUp()[pri:0, instance:SauceDemoTests.CheckoutConfirmationPageTests@74d1dc36]" started-at="2025-12-09T01:34:52 EET" name="setUp" finished-at="2025-12-09T01:34:55 EET" duration-ms="2845" status="PASS">
          <reporter-output>
          </reporter-output>
        </test-method> <!-- setUp -->
        <test-method is-config="true" signature="setUpConfirmation()[pri:0, instance:SauceDemoTests.CheckoutConfirmationPageTests@74d1dc36]" started-at="2025-12-09T01:34:55 EET" name="setUpConfirmation" finished-at="2025-12-09T01:34:56 EET" duration-ms="485" status="PASS">
          <reporter-output>
          </reporter-output>
        </test-method> <!-- setUpConfirmation -->
        <test-method signature="Confirmation_TC2_finishEmptyCartOrder(java.lang.String,java.lang.String,java.lang.String)[pri:0, instance:SauceDemoTests.CheckoutConfirmationPageTests@74d1dc36]" started-at="2025-12-09T01:34:56 EET" name="Confirmation_TC2_finishEmptyCartOrder" data-provider="checkoutValidData" finished-at="2025-12-09T01:34:56 EET" duration-ms="752" status="FAIL">
          <params>
            <param index="0">
              <value>
                <![CDATA[Group]]>
              </value>
            </param>
            <param index="1">
              <value>
                <![CDATA[Project]]>
              </value>
            </param>
            <param index="2">
              <value>
                <![CDATA[201]]>
              </value>
            </param>
          </params>
          <exception class="java.lang.AssertionError">
            <message>
              <![CDATA[expected [true] but found [false]]]>
            </message>
            <full-stacktrace>
              <![CDATA[java.lang.AssertionError: expected [true] but found [false]
at org.testng.Assert.fail(Assert.java:111)
at org.testng.Assert.failNotEquals(Assert.java:1590)
at org.testng.Assert.assertEqualsImpl(Assert.java:150)
at org.testng.Assert.assertEquals(Assert.java:132)
at org.testng.Assert.assertEquals(Assert.java:1079)
at org.testng.Assert.assertEquals(Assert.java:1043)
at org.testng.Assert.assertEquals(Assert.java:1089)
at SauceDemoTests.CheckoutConfirmationPageTests.verifyStaysOnCheckoutStepTwoPage(CheckoutConfirmationPageTests.java:52)
at SauceDemoTests.CheckoutConfirmationPageTests.Confirmation_TC2_finishEmptyCartOrder(CheckoutConfirmationPageTests.java:77)
at java.base/jdk.internal.reflect.DirectMethodHandleAccessor.invoke(DirectMethodHandleAccessor.java:103)
at java.base/java.lang.reflect.Method.invoke(Method.java:580)
at org.testng.internal.invokers.MethodInvocationHelper.invokeMethod(MethodInvocationHelper.java:141)
at org.testng.internal.invokers.TestInvoker.invokeMethod(TestInvoker.java:687)
at org.testng.internal.invokers.TestInvoker.invokeTestMethod(TestInvoker.java:230)
at org.testng.internal.invokers.MethodRunner.runInSequence(MethodRunner.java:63)
at org.testng.internal.invokers.TestInvoker$MethodInvocationAgent.invoke(TestInvoker.java:995)
at org.testng.internal.invokers.TestInvoker.invokeTestMethods(TestInvoker.java:203)
at org.testng.internal.invokers.TestMethodWorker.invokeTestMethods(TestMethodWorker.java:154)
at org.testng.internal.invokers.TestMethodWorker.run(TestMethodWorker.java:134)
at java.base/java.util.ArrayList.forEach(ArrayList.java:1596)
at org.testng.TestRunner.privateRun(TestRunner.java:741)
at org.testng.TestRunner.run(TestRunner.java:616)
at org.testng.SuiteRunner.runTest(SuiteRunner.java:421)
at org.testng.SuiteRunner.runSequentially(SuiteRunner.java:413)
at org.testng.SuiteRunner.privateRun(SuiteRunner.java:373)
at org.testng.SuiteRunner.run(SuiteRunner.java:312)
at org.testng.SuiteRunnerWorker.runSuite(SuiteRunnerWorker.java:52)
at org.testng.SuiteRunnerWorker.run(SuiteRunnerWorker.java:95)
at org.testng.TestNG.runSuitesSequentially(TestNG.java:1274)
at org.testng.TestNG.runSuitesLocally(TestNG.java:1208)
at org.testng.TestNG.runSuites(TestNG.java:1112)
at org.testng.TestNG.run(TestNG.java:1079)
at org.apache.maven.surefire.testng.TestNGExecutor.run(TestNGExecutor.java:155)
at org.apache.maven.surefire.testng.TestNGDirectoryTestSuite.executeMulti(TestNGDirectoryTestSuite.java:169)
at org.apache.maven.surefire.testng.TestNGDirectoryTestSuite.execute(TestNGDirectoryTestSuite.java:88)
at org.apache.maven.surefire.testng.TestNGProvider.invoke(TestNGProvider.java:137)
at org.apache.maven.surefire.booter.ForkedBooter.runSuitesInProcess(ForkedBooter.java:385)
at org.apache.maven.surefire.booter.ForkedBooter.execute(ForkedBooter.java:162)
at org.apache.maven.surefire.booter.ForkedBooter.run(ForkedBooter.java:507)
at org.apache.maven.surefire.booter.ForkedBooter.main(ForkedBooter.java:495)
]]>
            </full-stacktrace>
          </exception> <!-- java.lang.AssertionError -->
          <reporter-output>
          </reporter-output>
        </test-method> <!-- Confirmation_TC2_finishEmptyCartOrder -->
        <test-method is-config="true" signature="tearDown()[pri:0, instance:SauceDemoTests.CheckoutConfirmationPageTests@74d1dc36]" started-at="2025-12-09T01:34:57 EET" name="tearDown" finished-at="2025-12-09T01:34:57 EET" duration-ms="180" status="PASS">
          <reporter-output>
          </reporter-output>
        </test-method> <!-- tearDown -->
        <test-method is-config="true" signature="setUp()[pri:0, instance:SauceDemoTests.CheckoutConfirmationPageTests@74d1dc36]" started-at="2025-12-09T01:34:57 EET" name="setUp" finished-at="2025-12-09T01:35:00 EET" duration-ms="2826" status="PASS">
          <reporter-output>
          </reporter-output>
        </test-method> <!-- setUp -->
        <test-method is-config="true" signature="setUpConfirmation()[pri:0, instance:SauceDemoTests.CheckoutConfirmationPageTests@74d1dc36]" started-at="2025-12-09T01:35:00 EET" name="setUpConfirmation" finished-at="2025-12-09T01:35:00 EET" duration-ms="444" status="PASS">
          <reporter-output>
          </reporter-output>
        </test-method> <!-- setUpConfirmation -->
        <test-method signature="Confirmation_TC3_backToHomeAfterCompletion(java.lang.String,java.lang.String,java.lang.String)[pri:0, instance:SauceDemoTests.CheckoutConfirmationPageTests@74d1dc36]" started-at="2025-12-09T01:35:00 EET" name="Confirmation_TC3_backToHomeAfterCompletion" data-provider="checkoutValidData" finished-at="2025-12-09T01:35:01 EET" duration-ms="910" status="PASS">
          <params>
            <param index="0">
              <value>
                <![CDATA[Group]]>
              </value>
            </param>
            <param index="1">
              <value>
                <![CDATA[Project]]>
              </value>
            </param>
            <param index="2">
              <value>
                <![CDATA[201]]>
              </value>
            </param>
          </params>
          <reporter-output>
          </reporter-output>
        </test-method> <!-- Confirmation_TC3_backToHomeAfterCompletion -->
        <test-method is-config="true" signature="tearDown()[pri:0, instance:SauceDemoTests.CheckoutConfirmationPageTests@74d1dc36]" started-at="2025-12-09T01:35:01 EET" name="tearDown" finished-at="2025-12-09T01:35:01 EET" duration-ms="214" status="PASS">
          <reporter-output>
          </reporter-output>
        </test-method> <!-- tearDown -->
      </class> <!-- SauceDemoTests.CheckoutConfirmationPageTests -->
      <class name="SauceDemoTests.CartPageTests">
        <test-method is-config="true" signature="setUp()[pri:0, instance:SauceDemoTests.CartPageTests@7d0b7e3c]" started-at="2025-12-09T01:34:29 EET" name="setUp" finished-at="2025-12-09T01:34:33 EET" duration-ms="3837" status="PASS">
          <reporter-output>
          </reporter-output>
        </test-method> <!-- setUp -->
        <test-method is-config="true" signature="setUpCart()[pri:0, instance:SauceDemoTests.CartPageTests@7d0b7e3c]" started-at="2025-12-09T01:34:33 EET" name="setUpCart" finished-at="2025-12-09T01:34:33 EET" duration-ms="560" status="PASS">
          <reporter-output>
          </reporter-output>
        </test-method> <!-- setUpCart -->
        <test-method signature="Cart_Tc1_openCartAfterAddingItems()[pri:0, instance:SauceDemoTests.CartPageTests@7d0b7e3c]" started-at="2025-12-09T01:34:33 EET" name="Cart_Tc1_openCartAfterAddingItems" finished-at="2025-12-09T01:34:34 EET" duration-ms="1050" status="PASS">
          <reporter-output>
          </reporter-output>
        </test-method> <!-- Cart_Tc1_openCartAfterAddingItems -->
        <test-method is-config="true" signature="tearDown()[pri:0, instance:SauceDemoTests.CartPageTests@7d0b7e3c]" started-at="2025-12-09T01:34:34 EET" name="tearDown" finished-at="2025-12-09T01:34:35 EET" duration-ms="240" status="PASS">
          <reporter-output>
          </reporter-output>
        </test-method> <!-- tearDown -->
        <test-method is-config="true" signature="setUp()[pri:0, instance:SauceDemoTests.CartPageTests@7d0b7e3c]" started-at="2025-12-09T01:34:35 EET" name="setUp" finished-at="2025-12-09T01:34:38 EET" duration-ms="2881" status="PASS">
          <reporter-output>
          </reporter-output>
        </test-method> <!-- setUp -->
        <test-method is-config="true" signature="setUpCart()[pri:0, instance:SauceDemoTests.CartPageTests@7d0b7e3c]" started-at="2025-12-09T01:34:38 EET" name="setUpCart" finished-at="2025-12-09T01:34:38 EET" duration-ms="479" status="PASS">
          <reporter-output>
          </reporter-output>
        </test-method> <!-- setUpCart -->
        <test-method signature="Cart_Tc2_removeItemFromCart()[pri:0, instance:SauceDemoTests.CartPageTests@7d0b7e3c]" started-at="2025-12-09T01:34:38 EET" name="Cart_Tc2_removeItemFromCart" finished-at="2025-12-09T01:34:38 EET" duration-ms="328" status="PASS">
          <reporter-output>
          </reporter-output>
        </test-method> <!-- Cart_Tc2_removeItemFromCart -->
        <test-method is-config="true" signature="tearDown()[pri:0, instance:SauceDemoTests.CartPageTests@7d0b7e3c]" started-at="2025-12-09T01:34:38 EET" name="tearDown" finished-at="2025-12-09T01:34:38 EET" duration-ms="146" status="PASS">
          <reporter-output>
          </reporter-output>
        </test-method> <!-- tearDown -->
        <test-method is-config="true" signature="setUp()[pri:0, instance:SauceDemoTests.CartPageTests@7d0b7e3c]" started-at="2025-12-09T01:34:38 EET" name="setUp" finished-at="2025-12-09T01:34:41 EET" duration-ms="2759" status="PASS">
          <reporter-output>
          </reporter-output>
        </test-method> <!-- setUp -->
        <test-method is-config="true" signature="setUpCart()[pri:0, instance:SauceDemoTests.CartPageTests@7d0b7e3c]" started-at="2025-12-09T01:34:41 EET" name="setUpCart" finished-at="2025-12-09T01:34:42 EET" duration-ms="430" status="PASS">
          <reporter-output>
          </reporter-output>
        </test-method> <!-- setUpCart -->
        <test-method signature="Cart_Tc3_checkoutWithOneItem()[pri:0, instance:SauceDemoTests.CartPageTests@7d0b7e3c]" started-at="2025-12-09T01:34:42 EET" name="Cart_Tc3_checkoutWithOneItem" finished-at="2025-12-09T01:34:42 EET" duration-ms="704" status="PASS">
          <reporter-output>
          </reporter-output>
        </test-method> <!-- Cart_Tc3_checkoutWithOneItem -->
        <test-method is-config="true" signature="tearDown()[pri:0, instance:SauceDemoTests.CartPageTests@7d0b7e3c]" started-at="2025-12-09T01:34:42 EET" name="tearDown" finished-at="2025-12-09T01:34:43 EET" duration-ms="177" status="PASS">
          <reporter-output>
          </reporter-output>
        </test-method> <!-- tearDown -->
        <test-method is-config="true" signature="setUp()[pri:0, instance:SauceDemoTests.CartPageTests@7d0b7e3c]" started-at="2025-12-09T01:34:43 EET" name="setUp" finished-at="2025-12-09T01:34:46 EET" duration-ms="2941" status="PASS">
          <reporter-output>
          </reporter-output>
        </test-method> <!-- setUp -->
        <test-method is-config="true" signature="setUpCart()[pri:0, instance:SauceDemoTests.CartPageTests@7d0b7e3c]" started-at="2025-12-09T01:34:46 EET" name="setUpCart" finished-at="2025-12-09T01:34:46 EET" duration-ms="695" status="PASS">
          <reporter-output>
          </reporter-output>
        </test-method> <!-- setUpCart -->
        <test-method signature="Cart_Tc4_checkoutWithMultipleItems()[pri:0, instance:SauceDemoTests.CartPageTests@7d0b7e3c]" started-at="2025-12-09T01:34:46 EET" name="Cart_Tc4_checkoutWithMultipleItems" finished-at="2025-12-09T01:34:47 EET" duration-ms="1023" status="PASS">
          <reporter-output>
          </reporter-output>
        </test-method> <!-- Cart_Tc4_checkoutWithMultipleItems -->
        <test-method is-config="true" signature="tearDown()[pri:0, instance:SauceDemoTests.CartPageTests@7d0b7e3c]" started-at="2025-12-09T01:34:47 EET" name="tearDown" finished-at="2025-12-09T01:34:47 EET" duration-ms="220" status="PASS">
          <reporter-output>
          </reporter-output>
        </test-method> <!-- tearDown -->
      </class> <!-- SauceDemoTests.CartPageTests -->
    </test> <!-- Surefire test -->
  </suite> <!-- Surefire suite -->
</testng-results>
